#
# There is insufficient memory for the Java Runtime Environment to continue.
# Native memory allocation (malloc) failed to allocate 131088 bytes. Error detail: Chunk::new
# Possible reasons:
#   The system is out of physical RAM or swap space
#   This process is running with CompressedOops enabled, and the Java Heap may be blocking the growth of the native heap
# Possible solutions:
#   Reduce memory load on the system
#   Increase physical memory or swap space
#   Check if swap backing store is full
#   Decrease Java heap size (-Xmx/-Xms)
#   Decrease number of Java threads
#   Decrease Java thread stack sizes (-Xss)
#   Set larger code cache with -XX:ReservedCodeCacheSize=
#   JVM is running with Unscaled Compressed Oops mode in which the Java heap is
#     placed in the first 4GB address space. The Java Heap base address is the
#     maximum limit for the native heap growth. Please use -XX:HeapBaseMinAddress
#     to set the Java Heap base and to place the Java Heap above 4GB virtual address.
# This output file may be truncated or incomplete.
#
#  Out of Memory Error (arena.cpp:168), pid=3592, tid=7752
#
# JRE version: OpenJDK Runtime Environment Temurin-21.0.5+11 (21.0.5+11) (build 21.0.5+11-LTS)
# Java VM: OpenJDK 64-Bit Server VM Temurin-21.0.5+11 (21.0.5+11-LTS, mixed mode, sharing, tiered, compressed oops, compressed class ptrs, g1 gc, windows-amd64)
# No core dump will be written. Minidumps are not enabled by default on client versions of Windows
#

---------------  S U M M A R Y ------------

Command Line: --add-opens=java.base/java.util=ALL-UNNAMED --add-opens=java.base/java.lang=ALL-UNNAMED --add-opens=java.base/java.lang.invoke=ALL-UNNAMED --add-opens=java.prefs/java.util.prefs=ALL-UNNAMED --add-exports=jdk.compiler/com.sun.tools.javac.api=ALL-UNNAMED --add-exports=jdk.compiler/com.sun.tools.javac.util=ALL-UNNAMED --add-opens=java.base/java.nio.charset=ALL-UNNAMED --add-opens=java.base/java.net=ALL-UNNAMED --add-opens=java.base/java.util.concurrent.atomic=ALL-UNNAMED -Xmx2048m -Dfile.encoding=UTF-8 -Duser.country=TR -Duser.language=tr -Duser.variant -javaagent:C:\Users\System Bilgisayar\.gradle\wrapper\dists\gradle-8.9-bin\90cnw93cvbtalezasaz0blq0a\gradle-8.9\lib\agents\gradle-instrumentation-agent-8.9.jar org.gradle.launcher.daemon.bootstrap.GradleDaemon 8.9

Host: Intel(R) Core(TM) i5-7200U CPU @ 2.50GHz, 4 cores, 3G,  Windows 10 , 64 bit Build 19041 (10.0.19041.5198)
Time: Wed Jan 29 14:49:27 2025 Türkiye Standart Saati elapsed time: 132.988568 seconds (0d 0h 2m 12s)

---------------  T H R E A D  ---------------

Current thread (0x000001c9fd0bffb0):  JavaThread "C2 CompilerThread0" daemon [_thread_in_native, id=7752, stack(0x000000c454100000,0x000000c454200000) (1024K)]


Current CompileTask:
C2:132988 15307       4       org.jetbrains.kotlin.metadata.ProtoBuf$Function::writeTo (448 bytes)

Stack: [0x000000c454100000,0x000000c454200000]
Native frames: (J=compiled Java code, j=interpreted, Vv=VM code, C=native code)
V  [jvm.dll+0x6cd4e9]
V  [jvm.dll+0x8a7941]
V  [jvm.dll+0x8a9e6e]
V  [jvm.dll+0x8aa543]
V  [jvm.dll+0x27f6d6]
V  [jvm.dll+0xc500d]
V  [jvm.dll+0xc5543]
V  [jvm.dll+0xc5135]
V  [jvm.dll+0x72362c]
V  [jvm.dll+0x6012e7]
V  [jvm.dll+0x60b196]
V  [jvm.dll+0x5efde4]
V  [jvm.dll+0x5efc5d]
V  [jvm.dll+0x5efcc0]
V  [jvm.dll+0x5f6fc4]
V  [jvm.dll+0x250b82]
V  [jvm.dll+0x250f3f]
V  [jvm.dll+0x249814]
V  [jvm.dll+0x246ea4]
V  [jvm.dll+0x1c75ce]
V  [jvm.dll+0x25682a]
V  [jvm.dll+0x254dca]
V  [jvm.dll+0x3f00d6]
V  [jvm.dll+0x8514fb]
V  [jvm.dll+0x6cbbed]
C  [ucrtbase.dll+0x21bb2]
C  [KERNEL32.DLL+0x17374]
C  [ntdll.dll+0x4cc91]


---------------  P R O C E S S  ---------------

Threads class SMR info:
_java_thread_list=0x000001c9fe2719d0, length=49, elements={
0x000001c9e3f957b0, 0x000001c9fd0afdb0, 0x000001c9fd0b0ac0, 0x000001c9fd0b2680,
0x000001c9fd0b3960, 0x000001c9fd0bc3c0, 0x000001c9fd0bd220, 0x000001c9fd0bffb0,
0x000001c9fd0cbba0, 0x000001c9fd088070, 0x000001c9fd427290, 0x000001c9fe85e880,
0x000001c9febb1730, 0x000001c9fef3a660, 0x000001c9fe932a50, 0x000001c9fe9330b0,
0x000001c9fe933a60, 0x000001c9fecf9010, 0x000001c9fed02620, 0x000001c9fed01f90,
0x000001c9fed00be0, 0x000001c9fed02cb0, 0x000001c9fed03340, 0x000001c9fed039d0,
0x000001c9fed01270, 0x000001c9fed01900, 0x000001c9ff876d10, 0x000001c9ff876680,
0x000001c9ff879470, 0x000001c9ff878de0, 0x000001c9ff87a190, 0x000001c9ff8773a0,
0x000001c9ff877a30, 0x000001c9ff875960, 0x000001c9ff873200, 0x000001c9ff8745b0,
0x000001c9ff87a820, 0x000001c9ff873890, 0x000001c9ff261430, 0x000001c9ff267d30,
0x000001c9ff263b90, 0x000001c9ff2648b0, 0x000001c9ff265c60, 0x000001c9ff262150,
0x000001c9ff2662f0, 0x000001c9ff267010, 0x000001c9ff262e70, 0x000001c9ff2627e0,
0x000001c9ff873f20
}

Java Threads: ( => current thread )
  0x000001c9e3f957b0 JavaThread "main"                              [_thread_blocked, id=12724, stack(0x000000c453300000,0x000000c453400000) (1024K)]
  0x000001c9fd0afdb0 JavaThread "Reference Handler"          daemon [_thread_blocked, id=5860, stack(0x000000c453b00000,0x000000c453c00000) (1024K)]
  0x000001c9fd0b0ac0 JavaThread "Finalizer"                  daemon [_thread_blocked, id=6156, stack(0x000000c453c00000,0x000000c453d00000) (1024K)]
  0x000001c9fd0b2680 JavaThread "Signal Dispatcher"          daemon [_thread_blocked, id=2260, stack(0x000000c453d00000,0x000000c453e00000) (1024K)]
  0x000001c9fd0b3960 JavaThread "Attach Listener"            daemon [_thread_blocked, id=5192, stack(0x000000c453e00000,0x000000c453f00000) (1024K)]
  0x000001c9fd0bc3c0 JavaThread "Service Thread"             daemon [_thread_blocked, id=5000, stack(0x000000c453f00000,0x000000c454000000) (1024K)]
  0x000001c9fd0bd220 JavaThread "Monitor Deflation Thread"   daemon [_thread_blocked, id=9084, stack(0x000000c454000000,0x000000c454100000) (1024K)]
=>0x000001c9fd0bffb0 JavaThread "C2 CompilerThread0"         daemon [_thread_in_native, id=7752, stack(0x000000c454100000,0x000000c454200000) (1024K)]
  0x000001c9fd0cbba0 JavaThread "C1 CompilerThread0"         daemon [_thread_blocked, id=12564, stack(0x000000c454200000,0x000000c454300000) (1024K)]
  0x000001c9fd088070 JavaThread "Common-Cleaner"             daemon [_thread_blocked, id=11996, stack(0x000000c454300000,0x000000c454400000) (1024K)]
  0x000001c9fd427290 JavaThread "Notification Thread"        daemon [_thread_blocked, id=9064, stack(0x000000c454400000,0x000000c454500000) (1024K)]
  0x000001c9fe85e880 JavaThread "Daemon health stats"               [_thread_blocked, id=11444, stack(0x000000c454800000,0x000000c454900000) (1024K)]
  0x000001c9febb1730 JavaThread "Incoming local TCP Connector on port 56437"        [_thread_in_native, id=8448, stack(0x000000c454900000,0x000000c454a00000) (1024K)]
  0x000001c9fef3a660 JavaThread "Daemon periodic checks"            [_thread_blocked, id=3404, stack(0x000000c454a00000,0x000000c454b00000) (1024K)]
  0x000001c9fe932a50 JavaThread "Daemon"                            [_thread_blocked, id=10340, stack(0x000000c454b00000,0x000000c454c00000) (1024K)]
  0x000001c9fe9330b0 JavaThread "Handler for socket connection from /127.0.0.1:56437 to /127.0.0.1:56440"        [_thread_in_native, id=11208, stack(0x000000c454c00000,0x000000c454d00000) (1024K)]
  0x000001c9fe933a60 JavaThread "Cancel handler"                    [_thread_blocked, id=5524, stack(0x000000c454d00000,0x000000c454e00000) (1024K)]
  0x000001c9fecf9010 JavaThread "Daemon worker"                     [_thread_in_Java, id=7668, stack(0x000000c454e00000,0x000000c454f00000) (1024K)]
  0x000001c9fed02620 JavaThread "Asynchronous log dispatcher for DefaultDaemonConnection: socket connection from /127.0.0.1:56437 to /127.0.0.1:56440"        [_thread_blocked, id=8352, stack(0x000000c454f00000,0x000000c455000000) (1024K)]
  0x000001c9fed01f90 JavaThread "Stdin handler"                     [_thread_blocked, id=12040, stack(0x000000c455000000,0x000000c455100000) (1024K)]
  0x000001c9fed00be0 JavaThread "Daemon client event forwarder"        [_thread_blocked, id=8324, stack(0x000000c455100000,0x000000c455200000) (1024K)]
  0x000001c9fed02cb0 JavaThread "Cache worker for journal cache (C:\Users\System Bilgisayar\.gradle\caches\journal-1)"        [_thread_blocked, id=8996, stack(0x000000c455200000,0x000000c455300000) (1024K)]
  0x000001c9fed03340 JavaThread "File lock request listener"        [_thread_in_native, id=5472, stack(0x000000c455300000,0x000000c455400000) (1024K)]
  0x000001c9fed039d0 JavaThread "Cache worker for file hash cache (C:\Users\System Bilgisayar\.gradle\caches\8.9\fileHashes)"        [_thread_blocked, id=3232, stack(0x000000c455400000,0x000000c455500000) (1024K)]
  0x000001c9fed01270 JavaThread "Cache worker for file hash cache (C:\Users\System Bilgisayar\jetpackcomposeexample\.gradle\8.9\fileHashes)"        [_thread_blocked, id=9420, stack(0x000000c455600000,0x000000c455700000) (1024K)]
  0x000001c9fed01900 JavaThread "Cache worker for Build Output Cleanup Cache (C:\Users\System Bilgisayar\jetpackcomposeexample\.gradle\buildOutputCleanup)"        [_thread_blocked, id=13016, stack(0x000000c455700000,0x000000c455800000) (1024K)]
  0x000001c9ff876d10 JavaThread "File watcher server"        daemon [_thread_in_native, id=9976, stack(0x000000c455800000,0x000000c455900000) (1024K)]
  0x000001c9ff876680 JavaThread "File watcher consumer"      daemon [_thread_blocked, id=8964, stack(0x000000c455900000,0x000000c455a00000) (1024K)]
  0x000001c9ff879470 JavaThread "jar transforms"                    [_thread_blocked, id=5648, stack(0x000000c455a00000,0x000000c455b00000) (1024K)]
  0x000001c9ff878de0 JavaThread "jar transforms Thread 2"           [_thread_blocked, id=6644, stack(0x000000c455b00000,0x000000c455c00000) (1024K)]
  0x000001c9ff87a190 JavaThread "jar transforms Thread 3"           [_thread_blocked, id=1576, stack(0x000000c455c00000,0x000000c455d00000) (1024K)]
  0x000001c9ff8773a0 JavaThread "Cache worker for checksums cache (C:\Users\System Bilgisayar\jetpackcomposeexample\.gradle\8.9\checksums)"        [_thread_blocked, id=11700, stack(0x000000c455d00000,0x000000c455e00000) (1024K)]
  0x000001c9ff877a30 JavaThread "Cache worker for file content cache (C:\Users\System Bilgisayar\.gradle\caches\8.9\fileContent)"        [_thread_blocked, id=7352, stack(0x000000c455e00000,0x000000c455f00000) (1024K)]
  0x000001c9ff875960 JavaThread "Cache worker for cache directory md-rule (C:\Users\System Bilgisayar\.gradle\caches\8.9\md-rule)"        [_thread_blocked, id=5152, stack(0x000000c455f00000,0x000000c456000000) (1024K)]
  0x000001c9ff873200 JavaThread "Cache worker for cache directory md-supplier (C:\Users\System Bilgisayar\.gradle\caches\8.9\md-supplier)"        [_thread_blocked, id=1348, stack(0x000000c456000000,0x000000c456100000) (1024K)]
  0x000001c9ff8745b0 JavaThread "jar transforms Thread 4"           [_thread_blocked, id=12776, stack(0x000000c456100000,0x000000c456200000) (1024K)]
  0x000001c9ff87a820 JavaThread "Unconstrained build operations"        [_thread_blocked, id=5984, stack(0x000000c456200000,0x000000c456300000) (1024K)]
  0x000001c9ff873890 JavaThread "Unconstrained build operations Thread 2"        [_thread_blocked, id=7268, stack(0x000000c456300000,0x000000c456400000) (1024K)]
  0x000001c9ff261430 JavaThread "Unconstrained build operations Thread 3"        [_thread_blocked, id=7728, stack(0x000000c456400000,0x000000c456500000) (1024K)]
  0x000001c9ff267d30 JavaThread "File lock release action executor Thread 2"        [_thread_blocked, id=7748, stack(0x000000c456500000,0x000000c456600000) (1024K)]
  0x000001c9ff263b90 JavaThread "Unconstrained build operations Thread 4"        [_thread_blocked, id=11336, stack(0x000000c456600000,0x000000c456700000) (1024K)]
  0x000001c9ff2648b0 JavaThread "Unconstrained build operations Thread 5"        [_thread_blocked, id=7640, stack(0x000000c456700000,0x000000c456800000) (1024K)]
  0x000001c9ff265c60 JavaThread "Unconstrained build operations Thread 6"        [_thread_blocked, id=5036, stack(0x000000c456800000,0x000000c456900000) (1024K)]
  0x000001c9ff262150 JavaThread "Unconstrained build operations Thread 7"        [_thread_blocked, id=12884, stack(0x000000c456900000,0x000000c456a00000) (1024K)]
  0x000001c9ff2662f0 JavaThread "Unconstrained build operations Thread 8"        [_thread_blocked, id=13280, stack(0x000000c456a00000,0x000000c456b00000) (1024K)]
  0x000001c9ff267010 JavaThread "Unconstrained build operations Thread 9"        [_thread_blocked, id=10116, stack(0x000000c456b00000,0x000000c456c00000) (1024K)]
  0x000001c9ff262e70 JavaThread "Memory manager"                    [_thread_blocked, id=6740, stack(0x000000c453000000,0x000000c453100000) (1024K)]
  0x000001c9ff2627e0 JavaThread "build event listener"              [_thread_blocked, id=6068, stack(0x000000c453100000,0x000000c453200000) (1024K)]
  0x000001c9ff873f20 JavaThread "Kotlin DSL Writer"                 [_thread_blocked, id=4584, stack(0x000000c453200000,0x000000c453300000) (1024K)]
Total: 49

Other Threads:
  0x000001c9fd0972f0 VMThread "VM Thread"                           [id=1416, stack(0x000000c453a00000,0x000000c453b00000) (1024K)]
  0x000001c9fd084780 WatcherThread "VM Periodic Task Thread"        [id=9256, stack(0x000000c453900000,0x000000c453a00000) (1024K)]
  0x000001c9e61277f0 WorkerThread "GC Thread#0"                     [id=12128, stack(0x000000c453400000,0x000000c453500000) (1024K)]
  0x000001c9fd4929d0 WorkerThread "GC Thread#1"                     [id=6712, stack(0x000000c454500000,0x000000c454600000) (1024K)]
  0x000001c9fd4c6670 WorkerThread "GC Thread#2"                     [id=4432, stack(0x000000c454600000,0x000000c454700000) (1024K)]
  0x000001c9fdfd2050 WorkerThread "GC Thread#3"                     [id=10076, stack(0x000000c454700000,0x000000c454800000) (1024K)]
  0x000001c9e61398a0 ConcurrentGCThread "G1 Main Marker"            [id=10696, stack(0x000000c453500000,0x000000c453600000) (1024K)]
  0x000001c9e613a2b0 WorkerThread "G1 Conc#0"                       [id=12372, stack(0x000000c453600000,0x000000c453700000) (1024K)]
  0x000001c9e6192d20 ConcurrentGCThread "G1 Refine#0"               [id=4116, stack(0x000000c453700000,0x000000c453800000) (1024K)]
  0x000001c9e61956b0 ConcurrentGCThread "G1 Service"                [id=7172, stack(0x000000c453800000,0x000000c453900000) (1024K)]
Total: 10

Threads with active compile tasks:
C2 CompilerThread0  133046 15307       4       org.jetbrains.kotlin.metadata.ProtoBuf$Function::writeTo (448 bytes)
C1 CompilerThread0  133046 15443       3       org.jetbrains.kotlin.types.model.TypeSystemContext::fastCorrespondingSupertypes (15 bytes)
Total: 2

VM state: not at safepoint (normal execution)

VM Mutex/Monitor currently owned by a thread: None

Heap address: 0x0000000080000000, size: 2048 MB, Compressed Oops mode: 32-bit

CDS archive(s) mapped at: [0x000001c980000000-0x000001c980ba0000-0x000001c980ba0000), size 12189696, SharedBaseAddress: 0x000001c980000000, ArchiveRelocationMode: 1.
Compressed class space mapped at: 0x000001c981000000-0x000001c9c1000000, reserved size: 1073741824
Narrow klass base: 0x000001c980000000, Narrow klass shift: 0, Narrow klass range: 0x100000000

GC Precious Log:
 CardTable entry size: 512
 Card Set container configuration: InlinePtr #cards 5 size 8 Array Of Cards #cards 12 size 40 Howl #buckets 4 coarsen threshold 1843 Howl Bitmap #cards 512 size 80 coarsen threshold 460 Card regions per heap region 1 cards per card region 2048
 CPUs: 4 total, 4 available
 Memory: 3345M
 Large Page Support: Disabled
 NUMA Support: Disabled
 Compressed Oops: Enabled (32-bit)
 Heap Region Size: 1M
 Heap Min Capacity: 8M
 Heap Initial Capacity: 54M
 Heap Max Capacity: 2G
 Pre-touch: Disabled
 Parallel Workers: 4
 Concurrent Workers: 1
 Concurrent Refinement Workers: 4
 Periodic GC: Disabled

Heap:
 garbage-first heap   total 235520K, used 199161K [0x0000000080000000, 0x0000000100000000)
  region size 1024K, 60 young (61440K), 9 survivors (9216K)
 Metaspace       used 119703K, committed 122176K, reserved 1179648K
  class space    used 15827K, committed 17088K, reserved 1048576K

Heap Regions: E=young(eden), S=young(survivor), O=old, HS=humongous(starts), HC=humongous(continues), CS=collection set, F=free, TAMS=top-at-mark-start, PB=parsable bottom
|   0|0x0000000080000000, 0x0000000080100000, 0x0000000080100000|100%|HS|  |TAMS 0x0000000080000000| PB 0x0000000080000000| Complete 
|   1|0x0000000080100000, 0x0000000080200000, 0x0000000080200000|100%|HC|  |TAMS 0x0000000080100000| PB 0x0000000080100000| Complete 
|   2|0x0000000080200000, 0x0000000080300000, 0x0000000080300000|100%|HC|  |TAMS 0x0000000080200000| PB 0x0000000080200000| Complete 
|   3|0x0000000080300000, 0x0000000080400000, 0x0000000080400000|100%|HC|  |TAMS 0x0000000080300000| PB 0x0000000080300000| Complete 
|   4|0x0000000080400000, 0x0000000080500000, 0x0000000080500000|100%| O|  |TAMS 0x0000000080400000| PB 0x0000000080400000| Untracked 
|   5|0x0000000080500000, 0x0000000080600000, 0x0000000080600000|100%| O|  |TAMS 0x0000000080500000| PB 0x0000000080500000| Untracked 
|   6|0x0000000080600000, 0x0000000080700000, 0x0000000080700000|100%| O|  |TAMS 0x0000000080600000| PB 0x0000000080600000| Untracked 
|   7|0x0000000080700000, 0x0000000080800000, 0x0000000080800000|100%| O|  |TAMS 0x0000000080700000| PB 0x0000000080700000| Untracked 
|   8|0x0000000080800000, 0x0000000080900000, 0x0000000080900000|100%| O|  |TAMS 0x0000000080800000| PB 0x0000000080800000| Untracked 
|   9|0x0000000080900000, 0x0000000080a00000, 0x0000000080a00000|100%| O|  |TAMS 0x0000000080900000| PB 0x0000000080900000| Untracked 
|  10|0x0000000080a00000, 0x0000000080b00000, 0x0000000080b00000|100%| O|  |TAMS 0x0000000080a00000| PB 0x0000000080a00000| Untracked 
|  11|0x0000000080b00000, 0x0000000080c00000, 0x0000000080c00000|100%| O|  |TAMS 0x0000000080b00000| PB 0x0000000080b00000| Untracked 
|  12|0x0000000080c00000, 0x0000000080d00000, 0x0000000080d00000|100%|HS|  |TAMS 0x0000000080c00000| PB 0x0000000080c00000| Complete 
|  13|0x0000000080d00000, 0x0000000080e00000, 0x0000000080e00000|100%| O|  |TAMS 0x0000000080d00000| PB 0x0000000080d00000| Untracked 
|  14|0x0000000080e00000, 0x0000000080f00000, 0x0000000080f00000|100%| O|  |TAMS 0x0000000080e00000| PB 0x0000000080e00000| Untracked 
|  15|0x0000000080f00000, 0x0000000081000000, 0x0000000081000000|100%| O|  |TAMS 0x0000000080f00000| PB 0x0000000080f00000| Untracked 
|  16|0x0000000081000000, 0x0000000081100000, 0x0000000081100000|100%| O|  |TAMS 0x0000000081000000| PB 0x0000000081000000| Untracked 
|  17|0x0000000081100000, 0x0000000081200000, 0x0000000081200000|100%| O|  |TAMS 0x0000000081100000| PB 0x0000000081100000| Untracked 
|  18|0x0000000081200000, 0x0000000081300000, 0x0000000081300000|100%| O|  |TAMS 0x0000000081200000| PB 0x0000000081200000| Untracked 
|  19|0x0000000081300000, 0x0000000081400000, 0x0000000081400000|100%| O|  |TAMS 0x0000000081300000| PB 0x0000000081300000| Untracked 
|  20|0x0000000081400000, 0x0000000081500000, 0x0000000081500000|100%| O|  |TAMS 0x0000000081400000| PB 0x0000000081400000| Untracked 
|  21|0x0000000081500000, 0x0000000081600000, 0x0000000081600000|100%| O|  |TAMS 0x0000000081500000| PB 0x0000000081500000| Untracked 
|  22|0x0000000081600000, 0x0000000081700000, 0x0000000081700000|100%| O|  |TAMS 0x0000000081600000| PB 0x0000000081600000| Untracked 
|  23|0x0000000081700000, 0x0000000081800000, 0x0000000081800000|100%| O|  |TAMS 0x0000000081700000| PB 0x0000000081700000| Untracked 
|  24|0x0000000081800000, 0x0000000081900000, 0x0000000081900000|100%| O|  |TAMS 0x0000000081800000| PB 0x0000000081800000| Untracked 
|  25|0x0000000081900000, 0x0000000081a00000, 0x0000000081a00000|100%| O|  |TAMS 0x0000000081900000| PB 0x0000000081900000| Untracked 
|  26|0x0000000081a00000, 0x0000000081b00000, 0x0000000081b00000|100%| O|  |TAMS 0x0000000081a00000| PB 0x0000000081a00000| Untracked 
|  27|0x0000000081b00000, 0x0000000081c00000, 0x0000000081c00000|100%| O|  |TAMS 0x0000000081b00000| PB 0x0000000081b00000| Untracked 
|  28|0x0000000081c00000, 0x0000000081d00000, 0x0000000081d00000|100%| O|  |TAMS 0x0000000081c00000| PB 0x0000000081c00000| Untracked 
|  29|0x0000000081d00000, 0x0000000081e00000, 0x0000000081e00000|100%| O|  |TAMS 0x0000000081d00000| PB 0x0000000081d00000| Untracked 
|  30|0x0000000081e00000, 0x0000000081f00000, 0x0000000081f00000|100%| O|  |TAMS 0x0000000081e00000| PB 0x0000000081e00000| Untracked 
|  31|0x0000000081f00000, 0x0000000082000000, 0x0000000082000000|100%| O|  |TAMS 0x0000000081f00000| PB 0x0000000081f00000| Untracked 
|  32|0x0000000082000000, 0x0000000082100000, 0x0000000082100000|100%| O|  |TAMS 0x0000000082000000| PB 0x0000000082000000| Untracked 
|  33|0x0000000082100000, 0x0000000082200000, 0x0000000082200000|100%| O|  |TAMS 0x0000000082100000| PB 0x0000000082100000| Untracked 
|  34|0x0000000082200000, 0x0000000082300000, 0x0000000082300000|100%| O|  |TAMS 0x0000000082200000| PB 0x0000000082200000| Untracked 
|  35|0x0000000082300000, 0x0000000082400000, 0x0000000082400000|100%| O|  |TAMS 0x0000000082300000| PB 0x0000000082300000| Untracked 
|  36|0x0000000082400000, 0x0000000082500000, 0x0000000082500000|100%| O|  |TAMS 0x0000000082400000| PB 0x0000000082400000| Untracked 
|  37|0x0000000082500000, 0x0000000082600000, 0x0000000082600000|100%| O|  |TAMS 0x0000000082500000| PB 0x0000000082500000| Untracked 
|  38|0x0000000082600000, 0x0000000082700000, 0x0000000082700000|100%| O|  |TAMS 0x0000000082600000| PB 0x0000000082600000| Untracked 
|  39|0x0000000082700000, 0x0000000082800000, 0x0000000082800000|100%| O|  |TAMS 0x0000000082700000| PB 0x0000000082700000| Untracked 
|  40|0x0000000082800000, 0x0000000082900000, 0x0000000082900000|100%| O|  |TAMS 0x0000000082800000| PB 0x0000000082800000| Untracked 
|  41|0x0000000082900000, 0x0000000082a00000, 0x0000000082a00000|100%| O|  |TAMS 0x0000000082900000| PB 0x0000000082900000| Untracked 
|  42|0x0000000082a00000, 0x0000000082b00000, 0x0000000082b00000|100%| O|  |TAMS 0x0000000082a00000| PB 0x0000000082a00000| Untracked 
|  43|0x0000000082b00000, 0x0000000082c00000, 0x0000000082c00000|100%| O|  |TAMS 0x0000000082b00000| PB 0x0000000082b00000| Untracked 
|  44|0x0000000082c00000, 0x0000000082d00000, 0x0000000082d00000|100%| O|  |TAMS 0x0000000082c00000| PB 0x0000000082c00000| Untracked 
|  45|0x0000000082d00000, 0x0000000082e00000, 0x0000000082e00000|100%| O|  |TAMS 0x0000000082d00000| PB 0x0000000082d00000| Untracked 
|  46|0x0000000082e00000, 0x0000000082f00000, 0x0000000082f00000|100%| O|  |TAMS 0x0000000082e00000| PB 0x0000000082e00000| Untracked 
|  47|0x0000000082f00000, 0x0000000083000000, 0x0000000083000000|100%| O|  |TAMS 0x0000000082f00000| PB 0x0000000082f00000| Untracked 
|  48|0x0000000083000000, 0x0000000083100000, 0x0000000083100000|100%|HS|  |TAMS 0x0000000083000000| PB 0x0000000083000000| Complete 
|  49|0x0000000083100000, 0x0000000083200000, 0x0000000083200000|100%| O|  |TAMS 0x0000000083100000| PB 0x0000000083100000| Untracked 
|  50|0x0000000083200000, 0x0000000083300000, 0x0000000083300000|100%| O|  |TAMS 0x0000000083200000| PB 0x0000000083200000| Untracked 
|  51|0x0000000083300000, 0x0000000083400000, 0x0000000083400000|100%| O|  |TAMS 0x0000000083300000| PB 0x0000000083300000| Untracked 
|  52|0x0000000083400000, 0x0000000083500000, 0x0000000083500000|100%|HS|  |TAMS 0x0000000083400000| PB 0x0000000083400000| Complete 
|  53|0x0000000083500000, 0x0000000083600000, 0x0000000083600000|100%|HS|  |TAMS 0x0000000083500000| PB 0x0000000083500000| Complete 
|  54|0x0000000083600000, 0x0000000083700000, 0x0000000083700000|100%|HS|  |TAMS 0x0000000083600000| PB 0x0000000083600000| Complete 
|  55|0x0000000083700000, 0x0000000083800000, 0x0000000083800000|100%|HC|  |TAMS 0x0000000083700000| PB 0x0000000083700000| Complete 
|  56|0x0000000083800000, 0x0000000083900000, 0x0000000083900000|100%|HS|  |TAMS 0x0000000083800000| PB 0x0000000083800000| Complete 
|  57|0x0000000083900000, 0x0000000083a00000, 0x0000000083a00000|100%|HC|  |TAMS 0x0000000083900000| PB 0x0000000083900000| Complete 
|  58|0x0000000083a00000, 0x0000000083b00000, 0x0000000083b00000|100%|HS|  |TAMS 0x0000000083a00000| PB 0x0000000083a00000| Complete 
|  59|0x0000000083b00000, 0x0000000083c00000, 0x0000000083c00000|100%|HS|  |TAMS 0x0000000083b00000| PB 0x0000000083b00000| Complete 
|  60|0x0000000083c00000, 0x0000000083d00000, 0x0000000083d00000|100%|HS|  |TAMS 0x0000000083c00000| PB 0x0000000083c00000| Complete 
|  61|0x0000000083d00000, 0x0000000083e00000, 0x0000000083e00000|100%|HC|  |TAMS 0x0000000083d00000| PB 0x0000000083d00000| Complete 
|  62|0x0000000083e00000, 0x0000000083f00000, 0x0000000083f00000|100%|HC|  |TAMS 0x0000000083e00000| PB 0x0000000083e00000| Complete 
|  63|0x0000000083f00000, 0x0000000084000000, 0x0000000084000000|100%| O|  |TAMS 0x0000000083f00000| PB 0x0000000083f00000| Untracked 
|  64|0x0000000084000000, 0x0000000084100000, 0x0000000084100000|100%| O|  |TAMS 0x0000000084000000| PB 0x0000000084000000| Untracked 
|  65|0x0000000084100000, 0x0000000084200000, 0x0000000084200000|100%|HS|  |TAMS 0x0000000084100000| PB 0x0000000084100000| Complete 
|  66|0x0000000084200000, 0x0000000084300000, 0x0000000084300000|100%| O|  |TAMS 0x0000000084200000| PB 0x0000000084200000| Untracked 
|  67|0x0000000084300000, 0x0000000084400000, 0x0000000084400000|100%| O|  |TAMS 0x0000000084300000| PB 0x0000000084300000| Untracked 
|  68|0x0000000084400000, 0x0000000084500000, 0x0000000084500000|100%| O|  |TAMS 0x0000000084400000| PB 0x0000000084400000| Untracked 
|  69|0x0000000084500000, 0x0000000084600000, 0x0000000084600000|100%| O|  |TAMS 0x0000000084500000| PB 0x0000000084500000| Untracked 
|  70|0x0000000084600000, 0x0000000084700000, 0x0000000084700000|100%| O|  |TAMS 0x0000000084600000| PB 0x0000000084600000| Untracked 
|  71|0x0000000084700000, 0x0000000084800000, 0x0000000084800000|100%| O|  |TAMS 0x0000000084700000| PB 0x0000000084700000| Untracked 
|  72|0x0000000084800000, 0x0000000084900000, 0x0000000084900000|100%| O|  |TAMS 0x0000000084800000| PB 0x0000000084800000| Untracked 
|  73|0x0000000084900000, 0x0000000084a00000, 0x0000000084a00000|100%|HS|  |TAMS 0x0000000084900000| PB 0x0000000084900000| Complete 
|  74|0x0000000084a00000, 0x0000000084b00000, 0x0000000084b00000|100%| O|  |TAMS 0x0000000084a00000| PB 0x0000000084a00000| Untracked 
|  75|0x0000000084b00000, 0x0000000084c00000, 0x0000000084c00000|100%| O|  |TAMS 0x0000000084b00000| PB 0x0000000084b00000| Untracked 
|  76|0x0000000084c00000, 0x0000000084d00000, 0x0000000084d00000|100%|HS|  |TAMS 0x0000000084c00000| PB 0x0000000084c00000| Complete 
|  77|0x0000000084d00000, 0x0000000084e00000, 0x0000000084e00000|100%|HC|  |TAMS 0x0000000084d00000| PB 0x0000000084d00000| Complete 
|  78|0x0000000084e00000, 0x0000000084f00000, 0x0000000084f00000|100%|HC|  |TAMS 0x0000000084e00000| PB 0x0000000084e00000| Complete 
|  79|0x0000000084f00000, 0x0000000085000000, 0x0000000085000000|100%| O|  |TAMS 0x0000000084f00000| PB 0x0000000084f00000| Untracked 
|  80|0x0000000085000000, 0x0000000085100000, 0x0000000085100000|100%| O|  |TAMS 0x0000000085000000| PB 0x0000000085000000| Untracked 
|  81|0x0000000085100000, 0x0000000085200000, 0x0000000085200000|100%| O|  |TAMS 0x0000000085100000| PB 0x0000000085100000| Untracked 
|  82|0x0000000085200000, 0x0000000085300000, 0x0000000085300000|100%| O|  |TAMS 0x0000000085200000| PB 0x0000000085200000| Untracked 
|  83|0x0000000085300000, 0x0000000085400000, 0x0000000085400000|100%| O|  |TAMS 0x0000000085300000| PB 0x0000000085300000| Untracked 
|  84|0x0000000085400000, 0x0000000085500000, 0x0000000085500000|100%| O|  |TAMS 0x0000000085400000| PB 0x0000000085400000| Untracked 
|  85|0x0000000085500000, 0x0000000085600000, 0x0000000085600000|100%| O|  |TAMS 0x0000000085500000| PB 0x0000000085500000| Untracked 
|  86|0x0000000085600000, 0x0000000085700000, 0x0000000085700000|100%| O|  |TAMS 0x0000000085600000| PB 0x0000000085600000| Untracked 
|  87|0x0000000085700000, 0x0000000085800000, 0x0000000085800000|100%| O|  |TAMS 0x0000000085700000| PB 0x0000000085700000| Untracked 
|  88|0x0000000085800000, 0x0000000085900000, 0x0000000085900000|100%| O|  |TAMS 0x0000000085800000| PB 0x0000000085800000| Untracked 
|  89|0x0000000085900000, 0x0000000085a00000, 0x0000000085a00000|100%| O|  |TAMS 0x0000000085900000| PB 0x0000000085900000| Untracked 
|  90|0x0000000085a00000, 0x0000000085b00000, 0x0000000085b00000|100%| O|  |TAMS 0x0000000085a00000| PB 0x0000000085a00000| Untracked 
|  91|0x0000000085b00000, 0x0000000085c00000, 0x0000000085c00000|100%| O|  |TAMS 0x0000000085b00000| PB 0x0000000085b00000| Untracked 
|  92|0x0000000085c00000, 0x0000000085d00000, 0x0000000085d00000|100%| O|  |TAMS 0x0000000085c00000| PB 0x0000000085c00000| Untracked 
|  93|0x0000000085d00000, 0x0000000085e00000, 0x0000000085e00000|100%| O|  |TAMS 0x0000000085d00000| PB 0x0000000085d00000| Untracked 
|  94|0x0000000085e00000, 0x0000000085f00000, 0x0000000085f00000|100%| O|  |TAMS 0x0000000085e00000| PB 0x0000000085e00000| Untracked 
|  95|0x0000000085f00000, 0x0000000086000000, 0x0000000086000000|100%| O|  |TAMS 0x0000000085f00000| PB 0x0000000085f00000| Untracked 
|  96|0x0000000086000000, 0x0000000086100000, 0x0000000086100000|100%| O|  |TAMS 0x0000000086000000| PB 0x0000000086000000| Untracked 
|  97|0x0000000086100000, 0x0000000086200000, 0x0000000086200000|100%| O|  |TAMS 0x0000000086100000| PB 0x0000000086100000| Untracked 
|  98|0x0000000086200000, 0x0000000086300000, 0x0000000086300000|100%|HS|  |TAMS 0x0000000086200000| PB 0x0000000086200000| Complete 
|  99|0x0000000086300000, 0x0000000086400000, 0x0000000086400000|100%| O|  |TAMS 0x0000000086300000| PB 0x0000000086300000| Untracked 
| 100|0x0000000086400000, 0x0000000086500000, 0x0000000086500000|100%| O|  |TAMS 0x0000000086400000| PB 0x0000000086400000| Untracked 
| 101|0x0000000086500000, 0x0000000086500000, 0x0000000086600000|  0%| F|  |TAMS 0x0000000086500000| PB 0x0000000086500000| Untracked 
| 102|0x0000000086600000, 0x0000000086700000, 0x0000000086700000|100%|HS|  |TAMS 0x0000000086600000| PB 0x0000000086600000| Complete 
| 103|0x0000000086700000, 0x0000000086800000, 0x0000000086800000|100%|HC|  |TAMS 0x0000000086700000| PB 0x0000000086700000| Complete 
| 104|0x0000000086800000, 0x0000000086900000, 0x0000000086900000|100%|HC|  |TAMS 0x0000000086800000| PB 0x0000000086800000| Complete 
| 105|0x0000000086900000, 0x0000000086a00000, 0x0000000086a00000|100%|HC|  |TAMS 0x0000000086900000| PB 0x0000000086900000| Complete 
| 106|0x0000000086a00000, 0x0000000086b00000, 0x0000000086b00000|100%|HC|  |TAMS 0x0000000086a00000| PB 0x0000000086a00000| Complete 
| 107|0x0000000086b00000, 0x0000000086c00000, 0x0000000086c00000|100%|HC|  |TAMS 0x0000000086b00000| PB 0x0000000086b00000| Complete 
| 108|0x0000000086c00000, 0x0000000086d00000, 0x0000000086d00000|100%| O|  |TAMS 0x0000000086c00000| PB 0x0000000086c00000| Untracked 
| 109|0x0000000086d00000, 0x0000000086d00000, 0x0000000086e00000|  0%| F|  |TAMS 0x0000000086d00000| PB 0x0000000086d00000| Untracked 
| 110|0x0000000086e00000, 0x0000000086f00000, 0x0000000086f00000|100%| O|  |TAMS 0x0000000086e00000| PB 0x0000000086e00000| Untracked 
| 111|0x0000000086f00000, 0x0000000087000000, 0x0000000087000000|100%| O|  |TAMS 0x0000000086f00000| PB 0x0000000086f00000| Untracked 
| 112|0x0000000087000000, 0x0000000087100000, 0x0000000087100000|100%| O|  |TAMS 0x0000000087000000| PB 0x0000000087000000| Untracked 
| 113|0x0000000087100000, 0x0000000087100000, 0x0000000087200000|  0%| F|  |TAMS 0x0000000087100000| PB 0x0000000087100000| Untracked 
| 114|0x0000000087200000, 0x0000000087300000, 0x0000000087300000|100%| O|  |TAMS 0x0000000087200000| PB 0x0000000087200000| Untracked 
| 115|0x0000000087300000, 0x0000000087400000, 0x0000000087400000|100%| O|  |TAMS 0x0000000087300000| PB 0x0000000087300000| Untracked 
| 116|0x0000000087400000, 0x0000000087500000, 0x0000000087500000|100%| O|  |TAMS 0x0000000087400000| PB 0x0000000087400000| Untracked 
| 117|0x0000000087500000, 0x0000000087600000, 0x0000000087600000|100%| O|  |TAMS 0x0000000087500000| PB 0x0000000087500000| Untracked 
| 118|0x0000000087600000, 0x0000000087700000, 0x0000000087700000|100%| O|  |TAMS 0x0000000087600000| PB 0x0000000087600000| Untracked 
| 119|0x0000000087700000, 0x0000000087800000, 0x0000000087800000|100%| O|  |TAMS 0x0000000087700000| PB 0x0000000087700000| Untracked 
| 120|0x0000000087800000, 0x0000000087900000, 0x0000000087900000|100%| O|  |TAMS 0x0000000087800000| PB 0x0000000087800000| Untracked 
| 121|0x0000000087900000, 0x0000000087a00000, 0x0000000087a00000|100%| O|  |TAMS 0x0000000087900000| PB 0x0000000087900000| Untracked 
| 122|0x0000000087a00000, 0x0000000087b00000, 0x0000000087b00000|100%| O|  |TAMS 0x0000000087a00000| PB 0x0000000087a00000| Untracked 
| 123|0x0000000087b00000, 0x0000000087c00000, 0x0000000087c00000|100%| O|  |TAMS 0x0000000087b00000| PB 0x0000000087b00000| Untracked 
| 124|0x0000000087c00000, 0x0000000087d00000, 0x0000000087d00000|100%| O|  |TAMS 0x0000000087c00000| PB 0x0000000087c00000| Untracked 
| 125|0x0000000087d00000, 0x0000000087e00000, 0x0000000087e00000|100%| O|  |TAMS 0x0000000087d00000| PB 0x0000000087d00000| Untracked 
| 126|0x0000000087e00000, 0x0000000087f00000, 0x0000000087f00000|100%| O|  |TAMS 0x0000000087e00000| PB 0x0000000087e00000| Untracked 
| 127|0x0000000087f00000, 0x0000000087f7e5e8, 0x0000000088000000| 49%| O|  |TAMS 0x0000000087f00000| PB 0x0000000087f00000| Untracked 
| 128|0x0000000088000000, 0x0000000088000000, 0x0000000088100000|  0%| F|  |TAMS 0x0000000088000000| PB 0x0000000088000000| Untracked 
| 129|0x0000000088100000, 0x0000000088100000, 0x0000000088200000|  0%| F|  |TAMS 0x0000000088100000| PB 0x0000000088100000| Untracked 
| 130|0x0000000088200000, 0x0000000088200000, 0x0000000088300000|  0%| F|  |TAMS 0x0000000088200000| PB 0x0000000088200000| Untracked 
| 131|0x0000000088300000, 0x0000000088300000, 0x0000000088400000|  0%| F|  |TAMS 0x0000000088300000| PB 0x0000000088300000| Untracked 
| 132|0x0000000088400000, 0x0000000088400000, 0x0000000088500000|  0%| F|  |TAMS 0x0000000088400000| PB 0x0000000088400000| Untracked 
| 133|0x0000000088500000, 0x0000000088500000, 0x0000000088600000|  0%| F|  |TAMS 0x0000000088500000| PB 0x0000000088500000| Untracked 
| 134|0x0000000088600000, 0x0000000088600000, 0x0000000088700000|  0%| F|  |TAMS 0x0000000088600000| PB 0x0000000088600000| Untracked 
| 135|0x0000000088700000, 0x0000000088700000, 0x0000000088800000|  0%| F|  |TAMS 0x0000000088700000| PB 0x0000000088700000| Untracked 
| 136|0x0000000088800000, 0x0000000088800000, 0x0000000088900000|  0%| F|  |TAMS 0x0000000088800000| PB 0x0000000088800000| Untracked 
| 137|0x0000000088900000, 0x0000000088900000, 0x0000000088a00000|  0%| F|  |TAMS 0x0000000088900000| PB 0x0000000088900000| Untracked 
| 138|0x0000000088a00000, 0x0000000088a00000, 0x0000000088b00000|  0%| F|  |TAMS 0x0000000088a00000| PB 0x0000000088a00000| Untracked 
| 139|0x0000000088b00000, 0x0000000088c00000, 0x0000000088c00000|100%| S|CS|TAMS 0x0000000088b00000| PB 0x0000000088b00000| Complete 
| 140|0x0000000088c00000, 0x0000000088d00000, 0x0000000088d00000|100%| S|CS|TAMS 0x0000000088c00000| PB 0x0000000088c00000| Complete 
| 141|0x0000000088d00000, 0x0000000088e00000, 0x0000000088e00000|100%| S|CS|TAMS 0x0000000088d00000| PB 0x0000000088d00000| Complete 
| 142|0x0000000088e00000, 0x0000000088f00000, 0x0000000088f00000|100%| S|CS|TAMS 0x0000000088e00000| PB 0x0000000088e00000| Complete 
| 143|0x0000000088f00000, 0x0000000089000000, 0x0000000089000000|100%| S|CS|TAMS 0x0000000088f00000| PB 0x0000000088f00000| Complete 
| 144|0x0000000089000000, 0x0000000089100000, 0x0000000089100000|100%| S|CS|TAMS 0x0000000089000000| PB 0x0000000089000000| Complete 
| 145|0x0000000089100000, 0x0000000089200000, 0x0000000089200000|100%| S|CS|TAMS 0x0000000089100000| PB 0x0000000089100000| Complete 
| 146|0x0000000089200000, 0x0000000089300000, 0x0000000089300000|100%| S|CS|TAMS 0x0000000089200000| PB 0x0000000089200000| Complete 
| 147|0x0000000089300000, 0x0000000089400000, 0x0000000089400000|100%| S|CS|TAMS 0x0000000089300000| PB 0x0000000089300000| Complete 
| 148|0x0000000089400000, 0x0000000089400000, 0x0000000089500000|  0%| F|  |TAMS 0x0000000089400000| PB 0x0000000089400000| Untracked 
| 149|0x0000000089500000, 0x0000000089500000, 0x0000000089600000|  0%| F|  |TAMS 0x0000000089500000| PB 0x0000000089500000| Untracked 
| 150|0x0000000089600000, 0x0000000089600000, 0x0000000089700000|  0%| F|  |TAMS 0x0000000089600000| PB 0x0000000089600000| Untracked 
| 151|0x0000000089700000, 0x0000000089700000, 0x0000000089800000|  0%| F|  |TAMS 0x0000000089700000| PB 0x0000000089700000| Untracked 
| 152|0x0000000089800000, 0x0000000089800000, 0x0000000089900000|  0%| F|  |TAMS 0x0000000089800000| PB 0x0000000089800000| Untracked 
| 153|0x0000000089900000, 0x0000000089900000, 0x0000000089a00000|  0%| F|  |TAMS 0x0000000089900000| PB 0x0000000089900000| Untracked 
| 154|0x0000000089a00000, 0x0000000089a00000, 0x0000000089b00000|  0%| F|  |TAMS 0x0000000089a00000| PB 0x0000000089a00000| Untracked 
| 155|0x0000000089b00000, 0x0000000089b00000, 0x0000000089c00000|  0%| F|  |TAMS 0x0000000089b00000| PB 0x0000000089b00000| Untracked 
| 156|0x0000000089c00000, 0x0000000089c00000, 0x0000000089d00000|  0%| F|  |TAMS 0x0000000089c00000| PB 0x0000000089c00000| Untracked 
| 157|0x0000000089d00000, 0x0000000089d00000, 0x0000000089e00000|  0%| F|  |TAMS 0x0000000089d00000| PB 0x0000000089d00000| Untracked 
| 158|0x0000000089e00000, 0x0000000089e00000, 0x0000000089f00000|  0%| F|  |TAMS 0x0000000089e00000| PB 0x0000000089e00000| Untracked 
| 159|0x0000000089f00000, 0x0000000089f00000, 0x000000008a000000|  0%| F|  |TAMS 0x0000000089f00000| PB 0x0000000089f00000| Untracked 
| 160|0x000000008a000000, 0x000000008a000000, 0x000000008a100000|  0%| F|  |TAMS 0x000000008a000000| PB 0x000000008a000000| Untracked 
| 161|0x000000008a100000, 0x000000008a100000, 0x000000008a200000|  0%| F|  |TAMS 0x000000008a100000| PB 0x000000008a100000| Untracked 
| 162|0x000000008a200000, 0x000000008a200000, 0x000000008a300000|  0%| F|  |TAMS 0x000000008a200000| PB 0x000000008a200000| Untracked 
| 163|0x000000008a300000, 0x000000008a300000, 0x000000008a400000|  0%| F|  |TAMS 0x000000008a300000| PB 0x000000008a300000| Untracked 
| 164|0x000000008a400000, 0x000000008a400000, 0x000000008a500000|  0%| F|  |TAMS 0x000000008a400000| PB 0x000000008a400000| Untracked 
| 165|0x000000008a500000, 0x000000008a500000, 0x000000008a600000|  0%| F|  |TAMS 0x000000008a500000| PB 0x000000008a500000| Untracked 
| 166|0x000000008a600000, 0x000000008a600000, 0x000000008a700000|  0%| F|  |TAMS 0x000000008a600000| PB 0x000000008a600000| Untracked 
| 167|0x000000008a700000, 0x000000008a700000, 0x000000008a800000|  0%| F|  |TAMS 0x000000008a700000| PB 0x000000008a700000| Untracked 
| 168|0x000000008a800000, 0x000000008a8879e8, 0x000000008a900000| 52%| E|  |TAMS 0x000000008a800000| PB 0x000000008a800000| Complete 
| 169|0x000000008a900000, 0x000000008aa00000, 0x000000008aa00000|100%| E|CS|TAMS 0x000000008a900000| PB 0x000000008a900000| Complete 
| 170|0x000000008aa00000, 0x000000008ab00000, 0x000000008ab00000|100%| E|CS|TAMS 0x000000008aa00000| PB 0x000000008aa00000| Complete 
| 171|0x000000008ab00000, 0x000000008ac00000, 0x000000008ac00000|100%| E|CS|TAMS 0x000000008ab00000| PB 0x000000008ab00000| Complete 
| 172|0x000000008ac00000, 0x000000008ad00000, 0x000000008ad00000|100%| E|CS|TAMS 0x000000008ac00000| PB 0x000000008ac00000| Complete 
| 173|0x000000008ad00000, 0x000000008ae00000, 0x000000008ae00000|100%| E|CS|TAMS 0x000000008ad00000| PB 0x000000008ad00000| Complete 
| 174|0x000000008ae00000, 0x000000008af00000, 0x000000008af00000|100%| E|CS|TAMS 0x000000008ae00000| PB 0x000000008ae00000| Complete 
| 175|0x000000008af00000, 0x000000008b000000, 0x000000008b000000|100%| E|CS|TAMS 0x000000008af00000| PB 0x000000008af00000| Complete 
| 176|0x000000008b000000, 0x000000008b100000, 0x000000008b100000|100%| E|CS|TAMS 0x000000008b000000| PB 0x000000008b000000| Complete 
| 177|0x000000008b100000, 0x000000008b200000, 0x000000008b200000|100%| E|CS|TAMS 0x000000008b100000| PB 0x000000008b100000| Complete 
| 178|0x000000008b200000, 0x000000008b300000, 0x000000008b300000|100%| E|CS|TAMS 0x000000008b200000| PB 0x000000008b200000| Complete 
| 179|0x000000008b300000, 0x000000008b400000, 0x000000008b400000|100%| E|CS|TAMS 0x000000008b300000| PB 0x000000008b300000| Complete 
| 180|0x000000008b400000, 0x000000008b500000, 0x000000008b500000|100%| E|CS|TAMS 0x000000008b400000| PB 0x000000008b400000| Complete 
| 181|0x000000008b500000, 0x000000008b600000, 0x000000008b600000|100%| E|CS|TAMS 0x000000008b500000| PB 0x000000008b500000| Complete 
| 182|0x000000008b600000, 0x000000008b700000, 0x000000008b700000|100%| E|CS|TAMS 0x000000008b600000| PB 0x000000008b600000| Complete 
| 183|0x000000008b700000, 0x000000008b800000, 0x000000008b800000|100%| E|CS|TAMS 0x000000008b700000| PB 0x000000008b700000| Complete 
| 184|0x000000008b800000, 0x000000008b900000, 0x000000008b900000|100%| E|CS|TAMS 0x000000008b800000| PB 0x000000008b800000| Complete 
| 185|0x000000008b900000, 0x000000008ba00000, 0x000000008ba00000|100%| E|CS|TAMS 0x000000008b900000| PB 0x000000008b900000| Complete 
| 186|0x000000008ba00000, 0x000000008bb00000, 0x000000008bb00000|100%| E|CS|TAMS 0x000000008ba00000| PB 0x000000008ba00000| Complete 
| 187|0x000000008bb00000, 0x000000008bc00000, 0x000000008bc00000|100%| E|CS|TAMS 0x000000008bb00000| PB 0x000000008bb00000| Complete 
| 188|0x000000008bc00000, 0x000000008bd00000, 0x000000008bd00000|100%| E|CS|TAMS 0x000000008bc00000| PB 0x000000008bc00000| Complete 
| 189|0x000000008bd00000, 0x000000008be00000, 0x000000008be00000|100%| E|CS|TAMS 0x000000008bd00000| PB 0x000000008bd00000| Complete 
| 190|0x000000008be00000, 0x000000008bf00000, 0x000000008bf00000|100%| E|CS|TAMS 0x000000008be00000| PB 0x000000008be00000| Complete 
| 191|0x000000008bf00000, 0x000000008c000000, 0x000000008c000000|100%| E|CS|TAMS 0x000000008bf00000| PB 0x000000008bf00000| Complete 
| 192|0x000000008c000000, 0x000000008c100000, 0x000000008c100000|100%| E|CS|TAMS 0x000000008c000000| PB 0x000000008c000000| Complete 
| 193|0x000000008c100000, 0x000000008c200000, 0x000000008c200000|100%| E|CS|TAMS 0x000000008c100000| PB 0x000000008c100000| Complete 
| 194|0x000000008c200000, 0x000000008c300000, 0x000000008c300000|100%| E|CS|TAMS 0x000000008c200000| PB 0x000000008c200000| Complete 
| 195|0x000000008c300000, 0x000000008c400000, 0x000000008c400000|100%| E|CS|TAMS 0x000000008c300000| PB 0x000000008c300000| Complete 
| 196|0x000000008c400000, 0x000000008c500000, 0x000000008c500000|100%| E|CS|TAMS 0x000000008c400000| PB 0x000000008c400000| Complete 
| 197|0x000000008c500000, 0x000000008c600000, 0x000000008c600000|100%| E|CS|TAMS 0x000000008c500000| PB 0x000000008c500000| Complete 
| 198|0x000000008c600000, 0x000000008c700000, 0x000000008c700000|100%| E|CS|TAMS 0x000000008c600000| PB 0x000000008c600000| Complete 
| 199|0x000000008c700000, 0x000000008c800000, 0x000000008c800000|100%| E|CS|TAMS 0x000000008c700000| PB 0x000000008c700000| Complete 
| 200|0x000000008c800000, 0x000000008c900000, 0x000000008c900000|100%| E|CS|TAMS 0x000000008c800000| PB 0x000000008c800000| Complete 
| 201|0x000000008c900000, 0x000000008ca00000, 0x000000008ca00000|100%| E|CS|TAMS 0x000000008c900000| PB 0x000000008c900000| Complete 
| 202|0x000000008ca00000, 0x000000008cb00000, 0x000000008cb00000|100%| E|CS|TAMS 0x000000008ca00000| PB 0x000000008ca00000| Complete 
| 203|0x000000008cb00000, 0x000000008cc00000, 0x000000008cc00000|100%| E|CS|TAMS 0x000000008cb00000| PB 0x000000008cb00000| Complete 
| 204|0x000000008cc00000, 0x000000008cd00000, 0x000000008cd00000|100%| E|CS|TAMS 0x000000008cc00000| PB 0x000000008cc00000| Complete 
| 205|0x000000008cd00000, 0x000000008ce00000, 0x000000008ce00000|100%| E|CS|TAMS 0x000000008cd00000| PB 0x000000008cd00000| Complete 
| 206|0x000000008ce00000, 0x000000008cf00000, 0x000000008cf00000|100%| E|CS|TAMS 0x000000008ce00000| PB 0x000000008ce00000| Complete 
| 207|0x000000008cf00000, 0x000000008d000000, 0x000000008d000000|100%| E|CS|TAMS 0x000000008cf00000| PB 0x000000008cf00000| Complete 
| 208|0x000000008d000000, 0x000000008d100000, 0x000000008d100000|100%| E|CS|TAMS 0x000000008d000000| PB 0x000000008d000000| Complete 
| 209|0x000000008d100000, 0x000000008d200000, 0x000000008d200000|100%| E|CS|TAMS 0x000000008d100000| PB 0x000000008d100000| Complete 
| 210|0x000000008d200000, 0x000000008d300000, 0x000000008d300000|100%| E|CS|TAMS 0x000000008d200000| PB 0x000000008d200000| Complete 
| 211|0x000000008d300000, 0x000000008d400000, 0x000000008d400000|100%| E|CS|TAMS 0x000000008d300000| PB 0x000000008d300000| Complete 
| 212|0x000000008d400000, 0x000000008d500000, 0x000000008d500000|100%| E|CS|TAMS 0x000000008d400000| PB 0x000000008d400000| Complete 
| 213|0x000000008d500000, 0x000000008d600000, 0x000000008d600000|100%| E|CS|TAMS 0x000000008d500000| PB 0x000000008d500000| Complete 
| 214|0x000000008d600000, 0x000000008d700000, 0x000000008d700000|100%| E|CS|TAMS 0x000000008d600000| PB 0x000000008d600000| Complete 
| 215|0x000000008d700000, 0x000000008d800000, 0x000000008d800000|100%| E|CS|TAMS 0x000000008d700000| PB 0x000000008d700000| Complete 
| 216|0x000000008d800000, 0x000000008d900000, 0x000000008d900000|100%| E|CS|TAMS 0x000000008d800000| PB 0x000000008d800000| Complete 
|2035|0x00000000ff300000, 0x00000000ff400000, 0x00000000ff400000|100%| O|  |TAMS 0x00000000ff300000| PB 0x00000000ff300000| Untracked 
|2036|0x00000000ff400000, 0x00000000ff500000, 0x00000000ff500000|100%| O|  |TAMS 0x00000000ff400000| PB 0x00000000ff400000| Untracked 
|2037|0x00000000ff500000, 0x00000000ff600000, 0x00000000ff600000|100%| O|  |TAMS 0x00000000ff500000| PB 0x00000000ff500000| Untracked 
|2038|0x00000000ff600000, 0x00000000ff700000, 0x00000000ff700000|100%| O|  |TAMS 0x00000000ff600000| PB 0x00000000ff600000| Untracked 
|2039|0x00000000ff700000, 0x00000000ff800000, 0x00000000ff800000|100%| O|  |TAMS 0x00000000ff700000| PB 0x00000000ff700000| Untracked 
|2040|0x00000000ff800000, 0x00000000ff900000, 0x00000000ff900000|100%| O|  |TAMS 0x00000000ff800000| PB 0x00000000ff800000| Untracked 
|2041|0x00000000ff900000, 0x00000000ffa00000, 0x00000000ffa00000|100%| O|  |TAMS 0x00000000ff900000| PB 0x00000000ff900000| Untracked 
|2042|0x00000000ffa00000, 0x00000000ffb00000, 0x00000000ffb00000|100%| O|  |TAMS 0x00000000ffa00000| PB 0x00000000ffa00000| Untracked 
|2043|0x00000000ffb00000, 0x00000000ffc00000, 0x00000000ffc00000|100%| O|  |TAMS 0x00000000ffb00000| PB 0x00000000ffb00000| Untracked 
|2044|0x00000000ffc00000, 0x00000000ffd00000, 0x00000000ffd00000|100%| O|  |TAMS 0x00000000ffc00000| PB 0x00000000ffc00000| Untracked 
|2045|0x00000000ffd00000, 0x00000000ffe00000, 0x00000000ffe00000|100%| O|  |TAMS 0x00000000ffd00000| PB 0x00000000ffd00000| Untracked 
|2046|0x00000000ffe00000, 0x00000000fff00000, 0x00000000fff00000|100%| E|CS|TAMS 0x00000000ffe00000| PB 0x00000000ffe00000| Complete 
|2047|0x00000000fff00000, 0x0000000100000000, 0x0000000100000000|100%| E|CS|TAMS 0x00000000fff00000| PB 0x00000000fff00000| Complete 

Card table byte_map: [0x000001c9f8830000,0x000001c9f8c30000] _byte_map_base: 0x000001c9f8430000

Marking Bits: (CMBitMap*) 0x000001c9e6127e00
 Bits: [0x000001c9f8c30000, 0x000001c9fac30000)

Polling page: 0x000001c9e58a0000

Metaspace:

Usage:
  Non-class:    101.45 MB used.
      Class:     15.46 MB used.
       Both:    116.91 MB used.

Virtual space:
  Non-class space:      128.00 MB reserved,     102.62 MB ( 80%) committed,  2 nodes.
      Class space:        1.00 GB reserved,      16.69 MB (  2%) committed,  1 nodes.
             Both:        1.12 GB reserved,     119.31 MB ( 10%) committed. 

Chunk freelists:
   Non-Class:  9.27 MB
       Class:  15.27 MB
        Both:  24.53 MB

MaxMetaspaceSize: unlimited
CompressedClassSpaceSize: 1.00 GB
Initial GC threshold: 21.00 MB
Current GC threshold: 183.06 MB
CDS: on
 - commit_granule_bytes: 65536.
 - commit_granule_words: 8192.
 - virtual_space_node_default_size: 8388608.
 - enlarge_chunks_in_place: 1.
 - use_allocation_guard: 0.


Internal statistics:

num_allocs_failed_limit: 3.
num_arena_births: 4472.
num_arena_deaths: 0.
num_vsnodes_births: 3.
num_vsnodes_deaths: 0.
num_space_committed: 1907.
num_space_uncommitted: 0.
num_chunks_returned_to_freelist: 3.
num_chunks_taken_from_freelist: 9672.
num_chunk_merges: 3.
num_chunk_splits: 6623.
num_chunks_enlarged: 4430.
num_inconsistent_stats: 0.

CodeHeap 'non-profiled nmethods': size=120000Kb used=7652Kb max_used=7652Kb free=112347Kb
 bounds [0x000001c9f0f00000, 0x000001c9f1680000, 0x000001c9f8430000]
CodeHeap 'profiled nmethods': size=120000Kb used=26881Kb max_used=26881Kb free=93118Kb
 bounds [0x000001c9e9430000, 0x000001c9eae80000, 0x000001c9f0960000]
CodeHeap 'non-nmethods': size=5760Kb used=2955Kb max_used=3015Kb free=2805Kb
 bounds [0x000001c9f0960000, 0x000001c9f0c70000, 0x000001c9f0f00000]
 total_blobs=14163 nmethods=13130 adapters=935
 compilation: enabled
              stopped_count=0, restarted_count=0
 full_count=0

Compilation events (20 events):
Event: 132.952 Thread 0x000001c9fd0cbba0 15392       3       org.jetbrains.kotlin.resolve.scopes.SubstitutingScope::<init> (81 bytes)
Event: 132.954 Thread 0x000001c9fd0cbba0 nmethod 15392 0x000001c9eae35590 code [0x000001c9eae35940, 0x000001c9eae36e70]
Event: 132.959 Thread 0x000001c9fd0cbba0 15393       3       org.jetbrains.org.objectweb.asm.AnnotationVisitor::visitEnd (15 bytes)
Event: 132.960 Thread 0x000001c9fd0cbba0 nmethod 15393 0x000001c9eae37610 code [0x000001c9eae377c0, 0x000001c9eae379c8]
Event: 132.962 Thread 0x000001c9fd0cbba0 15394       3       org.jetbrains.org.objectweb.asm.Type::getType (10 bytes)
Event: 132.962 Thread 0x000001c9fd0cbba0 nmethod 15394 0x000001c9eae37a90 code [0x000001c9eae37c60, 0x000001c9eae37e90]
Event: 132.963 Thread 0x000001c9fd0cbba0 15395       3       org.jetbrains.kotlin.serialization.deserialization.TypeDeserializer$simpleType$annotations$1::invoke (5 bytes)
Event: 132.964 Thread 0x000001c9fd0cbba0 nmethod 15395 0x000001c9eae38010 code [0x000001c9eae381e0, 0x000001c9eae384b8]
Event: 132.964 Thread 0x000001c9fd0cbba0 15396       3       org.jetbrains.kotlin.util.AbstractArrayMapOwner::iterator (8 bytes)
Event: 132.964 Thread 0x000001c9fd0cbba0 nmethod 15396 0x000001c9eae38610 code [0x000001c9eae387c0, 0x000001c9eae389b0]
Event: 132.964 Thread 0x000001c9fd0cbba0 15397       3       org.jetbrains.kotlin.serialization.deserialization.TypeDeserializer::simpleType$collectAllArguments (53 bytes)
Event: 132.964 Thread 0x000001c9fd0cbba0 nmethod 15397 0x000001c9eae38a90 code [0x000001c9eae38ca0, 0x000001c9eae391e0]
Event: 132.965 Thread 0x000001c9fd0cbba0 15398       3       org.jetbrains.kotlin.metadata.ProtoBuf$Type::hasOuterTypeId (20 bytes)
Event: 132.965 Thread 0x000001c9fd0cbba0 nmethod 15398 0x000001c9eae39390 code [0x000001c9eae39520, 0x000001c9eae39688]
Event: 132.965 Thread 0x000001c9fd0cbba0 15399       3       org.jetbrains.kotlin.metadata.deserialization.ProtoTypeTableUtilKt::abbreviatedType (47 bytes)
Event: 132.966 Thread 0x000001c9fd0cbba0 nmethod 15399 0x000001c9eae39710 code [0x000001c9eae39a00, 0x000001c9eae3a8a8]
Event: 132.968 Thread 0x000001c9fd0cbba0 15400       1       org.jetbrains.kotlin.resolve.calls.tower.PSICallResolver::access$getSyntheticScopes$p (5 bytes)
Event: 132.968 Thread 0x000001c9fd0cbba0 nmethod 15400 0x000001c9f1676390 code [0x000001c9f1676520, 0x000001c9f16765d0]
Event: 132.969 Thread 0x000001c9fd0cbba0 15401       3       org.jetbrains.kotlin.serialization.deserialization.TypeDeserializer::simpleType (647 bytes)
Event: 132.982 Thread 0x000001c9fd0cbba0 nmethod 15401 0x000001c9eae3ad90 code [0x000001c9eae3bc00, 0x000001c9eae442b0]

GC Heap History (20 events):
Event: 89.180 GC heap before
{Heap before GC invocations=58 (full 0):
 garbage-first heap   total 147456K, used 135663K [0x0000000080000000, 0x0000000100000000)
  region size 1024K, 44 young (45056K), 2 survivors (2048K)
 Metaspace       used 85056K, committed 87104K, reserved 1179648K
  class space    used 11931K, committed 12992K, reserved 1048576K
}
Event: 89.201 GC heap after
{Heap after GC invocations=59 (full 0):
 garbage-first heap   total 177152K, used 93567K [0x0000000080000000, 0x0000000100000000)
  region size 1024K, 3 young (3072K), 3 survivors (3072K)
 Metaspace       used 85056K, committed 87104K, reserved 1179648K
  class space    used 11931K, committed 12992K, reserved 1048576K
}
Event: 107.008 GC heap before
{Heap before GC invocations=60 (full 0):
 garbage-first heap   total 177152K, used 161151K [0x0000000080000000, 0x0000000100000000)
  region size 1024K, 70 young (71680K), 3 survivors (3072K)
 Metaspace       used 85539K, committed 87616K, reserved 1179648K
  class space    used 11983K, committed 13056K, reserved 1048576K
}
Event: 107.065 GC heap after
{Heap after GC invocations=61 (full 0):
 garbage-first heap   total 177152K, used 95750K [0x0000000080000000, 0x0000000100000000)
  region size 1024K, 5 young (5120K), 5 survivors (5120K)
 Metaspace       used 85539K, committed 87616K, reserved 1179648K
  class space    used 11983K, committed 13056K, reserved 1048576K
}
Event: 112.242 GC heap before
{Heap before GC invocations=61 (full 0):
 garbage-first heap   total 177152K, used 168454K [0x0000000080000000, 0x0000000100000000)
  region size 1024K, 69 young (70656K), 5 survivors (5120K)
 Metaspace       used 95391K, committed 97600K, reserved 1179648K
  class space    used 13177K, committed 14272K, reserved 1048576K
}
Event: 112.313 GC heap after
{Heap after GC invocations=62 (full 0):
 garbage-first heap   total 177152K, used 102180K [0x0000000080000000, 0x0000000100000000)
  region size 1024K, 5 young (5120K), 5 survivors (5120K)
 Metaspace       used 95391K, committed 97600K, reserved 1179648K
  class space    used 13177K, committed 14272K, reserved 1048576K
}
Event: 113.168 GC heap before
{Heap before GC invocations=62 (full 0):
 garbage-first heap   total 177152K, used 160548K [0x0000000080000000, 0x0000000100000000)
  region size 1024K, 62 young (63488K), 5 survivors (5120K)
 Metaspace       used 95525K, committed 97728K, reserved 1179648K
  class space    used 13182K, committed 14272K, reserved 1048576K
}
Event: 113.256 GC heap after
{Heap after GC invocations=63 (full 0):
 garbage-first heap   total 183296K, used 112376K [0x0000000080000000, 0x0000000100000000)
  region size 1024K, 8 young (8192K), 8 survivors (8192K)
 Metaspace       used 95525K, committed 97728K, reserved 1179648K
  class space    used 13182K, committed 14272K, reserved 1048576K
}
Event: 114.172 GC heap before
{Heap before GC invocations=63 (full 0):
 garbage-first heap   total 183296K, used 143096K [0x0000000080000000, 0x0000000100000000)
  region size 1024K, 38 young (38912K), 8 survivors (8192K)
 Metaspace       used 95535K, committed 97728K, reserved 1179648K
  class space    used 13182K, committed 14272K, reserved 1048576K
}
Event: 114.214 GC heap after
{Heap after GC invocations=64 (full 0):
 garbage-first heap   total 183296K, used 122368K [0x0000000080000000, 0x0000000100000000)
  region size 1024K, 5 young (5120K), 5 survivors (5120K)
 Metaspace       used 95535K, committed 97728K, reserved 1179648K
  class space    used 13182K, committed 14272K, reserved 1048576K
}
Event: 120.475 GC heap before
{Heap before GC invocations=65 (full 0):
 garbage-first heap   total 204800K, used 168448K [0x0000000080000000, 0x0000000100000000)
  region size 1024K, 43 young (44032K), 5 survivors (5120K)
 Metaspace       used 98998K, committed 101120K, reserved 1179648K
  class space    used 13588K, committed 14656K, reserved 1048576K
}
Event: 120.486 GC heap after
{Heap after GC invocations=66 (full 0):
 garbage-first heap   total 204800K, used 133632K [0x0000000080000000, 0x0000000100000000)
  region size 1024K, 4 young (4096K), 4 survivors (4096K)
 Metaspace       used 98998K, committed 101120K, reserved 1179648K
  class space    used 13588K, committed 14656K, reserved 1048576K
}
Event: 122.228 GC heap before
{Heap before GC invocations=66 (full 0):
 garbage-first heap   total 204800K, used 181760K [0x0000000080000000, 0x0000000100000000)
  region size 1024K, 51 young (52224K), 4 survivors (4096K)
 Metaspace       used 103954K, committed 106112K, reserved 1179648K
  class space    used 14017K, committed 15104K, reserved 1048576K
}
Event: 122.239 GC heap after
{Heap after GC invocations=67 (full 0):
 garbage-first heap   total 204800K, used 136884K [0x0000000080000000, 0x0000000100000000)
  region size 1024K, 7 young (7168K), 7 survivors (7168K)
 Metaspace       used 103954K, committed 106112K, reserved 1179648K
  class space    used 14017K, committed 15104K, reserved 1048576K
}
Event: 123.994 GC heap before
{Heap before GC invocations=67 (full 0):
 garbage-first heap   total 204800K, used 185012K [0x0000000080000000, 0x0000000100000000)
  region size 1024K, 54 young (55296K), 7 survivors (7168K)
 Metaspace       used 109554K, committed 112064K, reserved 1179648K
  class space    used 14734K, committed 16000K, reserved 1048576K
}
Event: 124.006 GC heap after
{Heap after GC invocations=68 (full 0):
 garbage-first heap   total 204800K, used 140547K [0x0000000080000000, 0x0000000100000000)
  region size 1024K, 4 young (4096K), 4 survivors (4096K)
 Metaspace       used 109554K, committed 112064K, reserved 1179648K
  class space    used 14734K, committed 16000K, reserved 1048576K
}
Event: 126.180 GC heap before
{Heap before GC invocations=69 (full 0):
 garbage-first heap   total 235520K, used 188675K [0x0000000080000000, 0x0000000100000000)
  region size 1024K, 50 young (51200K), 4 survivors (4096K)
 Metaspace       used 113426K, committed 115904K, reserved 1179648K
  class space    used 15213K, committed 16448K, reserved 1048576K
}
Event: 126.193 GC heap after
{Heap after GC invocations=70 (full 0):
 garbage-first heap   total 235520K, used 142644K [0x0000000080000000, 0x0000000100000000)
  region size 1024K, 6 young (6144K), 6 survivors (6144K)
 Metaspace       used 113426K, committed 115904K, reserved 1179648K
  class space    used 15213K, committed 16448K, reserved 1048576K
}
Event: 130.665 GC heap before
{Heap before GC invocations=70 (full 0):
 garbage-first heap   total 235520K, used 209204K [0x0000000080000000, 0x0000000100000000)
  region size 1024K, 71 young (72704K), 6 survivors (6144K)
 Metaspace       used 115924K, committed 118400K, reserved 1179648K
  class space    used 15469K, committed 16704K, reserved 1048576K
}
Event: 130.687 GC heap after
{Heap after GC invocations=71 (full 0):
 garbage-first heap   total 235520K, used 147961K [0x0000000080000000, 0x0000000100000000)
  region size 1024K, 9 young (9216K), 9 survivors (9216K)
 Metaspace       used 115924K, committed 118400K, reserved 1179648K
  class space    used 15469K, committed 16704K, reserved 1048576K
}

Dll operation events (14 events):
Event: 0.015 Loaded shared library C:\Users\System Bilgisayar\.vscode\extensions\redhat.java-1.39.0-win32-x64\jre\21.0.5-win32-x86_64\bin\java.dll
Event: 0.053 Loaded shared library C:\Users\System Bilgisayar\.vscode\extensions\redhat.java-1.39.0-win32-x64\jre\21.0.5-win32-x86_64\bin\zip.dll
Event: 0.203 Loaded shared library C:\Users\System Bilgisayar\.vscode\extensions\redhat.java-1.39.0-win32-x64\jre\21.0.5-win32-x86_64\bin\instrument.dll
Event: 0.215 Loaded shared library C:\Users\System Bilgisayar\.vscode\extensions\redhat.java-1.39.0-win32-x64\jre\21.0.5-win32-x86_64\bin\net.dll
Event: 0.221 Loaded shared library C:\Users\System Bilgisayar\.vscode\extensions\redhat.java-1.39.0-win32-x64\jre\21.0.5-win32-x86_64\bin\nio.dll
Event: 0.228 Loaded shared library C:\Users\System Bilgisayar\.vscode\extensions\redhat.java-1.39.0-win32-x64\jre\21.0.5-win32-x86_64\bin\zip.dll
Event: 1.363 Loaded shared library C:\Users\System Bilgisayar\.vscode\extensions\redhat.java-1.39.0-win32-x64\jre\21.0.5-win32-x86_64\bin\jimage.dll
Event: 3.481 Loaded shared library C:\Users\System Bilgisayar\.vscode\extensions\redhat.java-1.39.0-win32-x64\jre\21.0.5-win32-x86_64\bin\verify.dll
Event: 3.928 Loaded shared library C:\Users\System Bilgisayar\.gradle\native\c067742578af261105cb4f569cf0c3c89f3d7b1fecec35dd04571415982c5e48\windows-amd64\native-platform.dll
Event: 5.544 Loaded shared library C:\Users\System Bilgisayar\.gradle\native\100fb08df4bc3b14c8652ba06237920a3bd2aa13389f12d3474272988ae205f9\windows-amd64\native-platform-file-events.dll
Event: 8.427 Loaded shared library C:\Users\System Bilgisayar\.vscode\extensions\redhat.java-1.39.0-win32-x64\jre\21.0.5-win32-x86_64\bin\management.dll
Event: 8.430 Loaded shared library C:\Users\System Bilgisayar\.vscode\extensions\redhat.java-1.39.0-win32-x64\jre\21.0.5-win32-x86_64\bin\management_ext.dll
Event: 9.140 Loaded shared library C:\Users\System Bilgisayar\.vscode\extensions\redhat.java-1.39.0-win32-x64\jre\21.0.5-win32-x86_64\bin\extnet.dll
Event: 9.670 Loaded shared library C:\Users\System Bilgisayar\.vscode\extensions\redhat.java-1.39.0-win32-x64\jre\21.0.5-win32-x86_64\bin\sunmscapi.dll

Deoptimization events (20 events):
Event: 131.994 Thread 0x000001c9fecf9010 Uncommon trap: trap_request=0xffffffbe fr.pc=0x000001c9f16380e8 relative=0x0000000000000ca8
Event: 131.994 Thread 0x000001c9fecf9010 Uncommon trap: reason=profile_predicate action=maybe_recompile pc=0x000001c9f16380e8 method=org.jetbrains.kotlin.serialization.deserialization.descriptors.DeserializedPackageMemberScope.hasClass(Lorg/jetbrains/kotlin/name/Name;)Z @ 65 c2
Event: 131.994 Thread 0x000001c9fecf9010 DEOPT PACKING pc=0x000001c9f16380e8 sp=0x000000c454eee570
Event: 131.994 Thread 0x000001c9fecf9010 DEOPT UNPACKING pc=0x000001c9f09b46a2 sp=0x000000c454eee510 mode 2
Event: 131.995 Thread 0x000001c9fecf9010 Uncommon trap: trap_request=0xffffffbe fr.pc=0x000001c9f16380e8 relative=0x0000000000000ca8
Event: 131.995 Thread 0x000001c9fecf9010 Uncommon trap: reason=profile_predicate action=maybe_recompile pc=0x000001c9f16380e8 method=org.jetbrains.kotlin.serialization.deserialization.descriptors.DeserializedPackageMemberScope.hasClass(Lorg/jetbrains/kotlin/name/Name;)Z @ 65 c2
Event: 131.995 Thread 0x000001c9fecf9010 DEOPT PACKING pc=0x000001c9f16380e8 sp=0x000000c454eed2d0
Event: 131.995 Thread 0x000001c9fecf9010 DEOPT UNPACKING pc=0x000001c9f09b46a2 sp=0x000000c454eed270 mode 2
Event: 132.299 Thread 0x000001c9fecf9010 Uncommon trap: trap_request=0xffffffde fr.pc=0x000001c9f144d414 relative=0x0000000000000074
Event: 132.299 Thread 0x000001c9fecf9010 Uncommon trap: reason=class_check action=maybe_recompile pc=0x000001c9f144d414 method=java.util.Collections$UnmodifiableCollection.size()I @ 4 c2
Event: 132.299 Thread 0x000001c9fecf9010 DEOPT PACKING pc=0x000001c9f144d414 sp=0x000000c454eee550
Event: 132.299 Thread 0x000001c9fecf9010 DEOPT UNPACKING pc=0x000001c9f09b46a2 sp=0x000000c454eee4d8 mode 2
Event: 132.299 Thread 0x000001c9fecf9010 Uncommon trap: trap_request=0xffffffde fr.pc=0x000001c9f144d414 relative=0x0000000000000074
Event: 132.299 Thread 0x000001c9fecf9010 Uncommon trap: reason=class_check action=maybe_recompile pc=0x000001c9f144d414 method=java.util.Collections$UnmodifiableCollection.size()I @ 4 c2
Event: 132.299 Thread 0x000001c9fecf9010 DEOPT PACKING pc=0x000001c9f144d414 sp=0x000000c454eee830
Event: 132.299 Thread 0x000001c9fecf9010 DEOPT UNPACKING pc=0x000001c9f09b46a2 sp=0x000000c454eee7b8 mode 2
Event: 132.581 Thread 0x000001c9fecf9010 Uncommon trap: trap_request=0xffffffc6 fr.pc=0x000001c9f164bc80 relative=0x0000000000000aa0
Event: 132.581 Thread 0x000001c9fecf9010 Uncommon trap: reason=bimorphic_or_optimized_type_check action=maybe_recompile pc=0x000001c9f164bc80 method=gnu.trove.TObjectHash.insertionIndex(Ljava/lang/Object;)I @ 75 c2
Event: 132.581 Thread 0x000001c9fecf9010 DEOPT PACKING pc=0x000001c9f164bc80 sp=0x000000c454ef2090
Event: 132.581 Thread 0x000001c9fecf9010 DEOPT UNPACKING pc=0x000001c9f09b46a2 sp=0x000000c454ef2008 mode 2

Classes loaded (20 events):
Event: 111.985 Loading class sun/nio/ch/FileChannelImpl$DefaultUnmapper
Event: 111.986 Loading class sun/nio/ch/FileChannelImpl$Unmapper
Event: 111.986 Loading class jdk/internal/access/foreign/UnmapperProxy
Event: 111.986 Loading class jdk/internal/access/foreign/UnmapperProxy done
Event: 111.986 Loading class sun/nio/ch/FileChannelImpl$Unmapper done
Event: 111.986 Loading class sun/nio/ch/FileChannelImpl$DefaultUnmapper done
Event: 111.986 Loading class sun/nio/ch/Util$4
Event: 111.987 Loading class sun/nio/ch/Util$4 done
Event: 112.009 Loading class java/io/UTFDataFormatException
Event: 112.009 Loading class java/io/UTFDataFormatException done
Event: 112.203 Loading class java/util/zip/ZipFile$ZipEntryIterator
Event: 112.204 Loading class java/util/zip/ZipFile$ZipEntryIterator done
Event: 114.550 Loading class java/nio/channels/NonWritableChannelException
Event: 114.550 Loading class java/nio/channels/NonWritableChannelException done
Event: 123.643 Loading class java/text/StringCharacterIterator
Event: 123.644 Loading class java/text/CharacterIterator
Event: 123.644 Loading class java/text/CharacterIterator done
Event: 123.644 Loading class java/text/StringCharacterIterator done
Event: 123.726 Loading class java/io/NotSerializableException
Event: 123.727 Loading class java/io/NotSerializableException done

Classes unloaded (0 events):
No events

Classes redefined (0 events):
No events

Internal exceptions (20 events):
Event: 109.045 Thread 0x000001c9fecf9010 Exception <a 'java/lang/NoSuchMethodError'{0x00000000890e4d90}: 'int java.lang.invoke.Invokers$Holder.invoke_MT(java.lang.Object, java.lang.Object, java.lang.Object, java.lang.Object)'> (0x00000000890e4d90) 
thrown [s\src\hotspot\share\interpreter\linkResolver.cpp, line 773]
Event: 109.051 Thread 0x000001c9fecf9010 Exception <a 'java/lang/NoSuchMethodError'{0x00000000890edd48}: 'void java.lang.invoke.DelegatingMethodHandle$Holder.reinvoke_L(java.lang.Object, java.lang.Object, java.lang.Object, long, java.lang.Object)'> (0x00000000890edd48) 
thrown [s\src\hotspot\share\interpreter\linkResolver.cpp, line 773]
Event: 109.061 Thread 0x000001c9fecf9010 Exception <a 'java/lang/NoSuchMethodError'{0x0000000088f00b10}: 'int java.lang.invoke.DelegatingMethodHandle$Holder.reinvoke_L(java.lang.Object, java.lang.Object, java.lang.Object, long, java.lang.Object, java.lang.Object)'> (0x0000000088f00b10) 
thrown [s\src\hotspot\share\interpreter\linkResolver.cpp, line 773]
Event: 109.068 Thread 0x000001c9fecf9010 Exception <a 'java/lang/NoSuchMethodError'{0x0000000088f10138}: 'int java.lang.invoke.DelegatingMethodHandle$Holder.reinvoke_L(java.lang.Object, java.lang.Object, java.lang.Object, long, int, int)'> (0x0000000088f10138) 
thrown [s\src\hotspot\share\interpreter\linkResolver.cpp, line 773]
Event: 109.077 Thread 0x000001c9fecf9010 Exception <a 'java/lang/NoSuchMethodError'{0x0000000088f1f510}: 'int java.lang.invoke.DelegatingMethodHandle$Holder.reinvoke_L(java.lang.Object, java.lang.Object, java.lang.Object, long, long, long)'> (0x0000000088f1f510) 
thrown [s\src\hotspot\share\interpreter\linkResolver.cpp, line 773]
Event: 109.081 Thread 0x000001c9fecf9010 Exception <a 'java/lang/NoSuchMethodError'{0x0000000088f2e588}: 'int java.lang.invoke.DelegatingMethodHandle$Holder.reinvoke_L(java.lang.Object, java.lang.Object, java.lang.Object, long, int)'> (0x0000000088f2e588) 
thrown [s\src\hotspot\share\interpreter\linkResolver.cpp, line 773]
Event: 111.578 Thread 0x000001c9fecf9010 Exception <a 'java/lang/NoSuchMethodError'{0x0000000086a24938}: 'java.lang.Object java.lang.invoke.Invokers$Holder.invokeExact_MT(java.lang.Object, java.lang.Object, long, java.lang.Object)'> (0x0000000086a24938) 
thrown [s\src\hotspot\share\interpreter\linkResolver.cpp, line 773]
Event: 111.993 Thread 0x000001c9fecf9010 Exception <a 'java/lang/NoSuchMethodError'{0x0000000086878470}: 'long java.lang.invoke.DirectMethodHandle$Holder.invokeStatic(java.lang.Object, java.lang.Object, int)'> (0x0000000086878470) 
thrown [s\src\hotspot\share\interpreter\linkResolver.cpp, line 773]
Event: 111.996 Thread 0x000001c9fecf9010 Exception <a 'java/lang/NoSuchMethodError'{0x0000000086884c30}: 'java.lang.Object java.lang.invoke.DelegatingMethodHandle$Holder.reinvoke_L(java.lang.Object, int, long, java.lang.Object, java.lang.Object, int, java.lang.Object)'> (0x0000000086884c30) 
thrown [s\src\hotspot\share\interpreter\linkResolver.cpp, line 773]
Event: 112.206 Thread 0x000001c9fecf9010 Implicit null exception at 0x000001c9f11524ef to 0x000001c9f11530f4
Event: 112.868 Thread 0x000001c9fecf9010 Implicit null exception at 0x000001c9f151686f to 0x000001c9f151855c
Event: 122.563 Thread 0x000001c9fecf9010 Implicit null exception at 0x000001c9f15639c4 to 0x000001c9f1563b40
Event: 122.587 Thread 0x000001c9fecf9010 Exception <a 'java/lang/NoSuchMethodError'{0x000000008af60fc8}: 'java.lang.Object java.lang.invoke.DirectMethodHandle$Holder.newInvokeSpecial(java.lang.Object, java.lang.Object, java.lang.Object, java.lang.Object, java.lang.Object, java.lang.Object, java.lang.Object, java.lang.Object, java.lang.Object, java.lang.Object, java.lang.Object, java.lang.Object, java.lang.Object, java.lang.Object, java.lang.Object, java.lang.Object, java.lang.Object, java.lang.Object, java.lang.Object, java.lang.Object, java.lang
Event: 122.691 Thread 0x000001c9fecf9010 Exception <a 'java/lang/NoSuchMethodError'{0x000000008abd63a8}: 'java.lang.Object java.lang.invoke.DirectMethodHandle$Holder.newInvokeSpecial(java.lang.Object, java.lang.Object, java.lang.Object, java.lang.Object, java.lang.Object, java.lang.Object, java.lang.Object, java.lang.Object, java.lang.Object, java.lang.Object, java.lang.Object, java.lang.Object, java.lang.Object, java.lang.Object, java.lang.Object, java.lang.Object, java.lang.Object, java.lang.Object)'> (0x000000008abd63a8) 
thrown [s\src\hotspot
Event: 122.692 Thread 0x000001c9fecf9010 Exception <a 'java/lang/NoSuchMethodError'{0x000000008abdd448}: 'java.lang.Object java.lang.invoke.DirectMethodHandle$Holder.invokeSpecial(java.lang.Object, java.lang.Object, java.lang.Object, java.lang.Object, java.lang.Object, java.lang.Object, java.lang.Object, java.lang.Object, java.lang.Object, java.lang.Object, java.lang.Object, java.lang.Object, java.lang.Object, java.lang.Object, java.lang.Object, java.lang.Object, java.lang.Object, java.lang.Object, java.lang.Object)'> (0x000000008abdd448) 
thrown
Event: 122.693 Thread 0x000001c9fecf9010 Exception <a 'java/lang/NoSuchMethodError'{0x000000008abe35f8}: 'java.lang.Object java.lang.invoke.DelegatingMethodHandle$Holder.reinvoke_L(java.lang.Object, java.lang.Object, java.lang.Object, java.lang.Object, java.lang.Object, java.lang.Object, java.lang.Object, java.lang.Object, java.lang.Object, java.lang.Object, java.lang.Object, java.lang.Object, java.lang.Object, java.lang.Object, java.lang.Object, java.lang.Object, java.lang.Object, java.lang.Object)'> (0x000000008abe35f8) 
thrown [s\src\hotspot\s
Event: 122.705 Thread 0x000001c9fecf9010 Exception <a 'java/lang/NoSuchMethodError'{0x000000008aa7b738}: 'java.lang.Object java.lang.invoke.DirectMethodHandle$Holder.newInvokeSpecial(java.lang.Object, java.lang.Object, java.lang.Object, java.lang.Object, java.lang.Object, java.lang.Object, java.lang.Object, java.lang.Object, java.lang.Object, java.lang.Object, java.lang.Object, java.lang.Object, java.lang.Object, java.lang.Object, java.lang.Object, java.lang.Object, java.lang.Object, java.lang.Object, java.lang.Object, java.lang.Object, java.lang
Event: 131.496 Thread 0x000001c9fecf9010 Exception <a 'java/lang/IncompatibleClassChangeError'{0x000000008bf9f820}: Found class java.lang.Object, but interface was expected> (0x000000008bf9f820) 
thrown [s\src\hotspot\share\interpreter\linkResolver.cpp, line 840]
Event: 131.541 Thread 0x000001c9fecf9010 Exception <a 'java/lang/NoSuchMethodError'{0x000000008be26f78}: 'int java.lang.invoke.DirectMethodHandle$Holder.invokeStaticInit(java.lang.Object, int)'> (0x000000008be26f78) 
thrown [s\src\hotspot\share\interpreter\linkResolver.cpp, line 773]
Event: 131.987 Thread 0x000001c9fecf9010 Exception <a 'java/lang/NoSuchMethodError'{0x000000008b324e50}: 'int java.lang.invoke.DirectMethodHandle$Holder.invokeSpecial(java.lang.Object, java.lang.Object, int, int)'> (0x000000008b324e50) 
thrown [s\src\hotspot\share\interpreter\linkResolver.cpp, line 773]

ZGC Phase Switch (0 events):
No events

VM Operations (20 events):
Event: 130.258 Executing VM operation: Cleanup
Event: 130.258 Executing VM operation: Cleanup done
Event: 130.665 Executing VM operation: G1CollectForAllocation (G1 Evacuation Pause)
Event: 130.687 Executing VM operation: G1CollectForAllocation (G1 Evacuation Pause) done
Event: 131.294 Executing VM operation: HandshakeAllThreads (Deoptimize)
Event: 131.294 Executing VM operation: HandshakeAllThreads (Deoptimize) done
Event: 131.597 Executing VM operation: HandshakeAllThreads (Deoptimize)
Event: 131.597 Executing VM operation: HandshakeAllThreads (Deoptimize) done
Event: 131.603 Executing VM operation: ICBufferFull
Event: 131.603 Executing VM operation: ICBufferFull done
Event: 132.023 Executing VM operation: ICBufferFull
Event: 132.024 Executing VM operation: ICBufferFull done
Event: 132.180 Executing VM operation: HandshakeAllThreads (Deoptimize)
Event: 132.180 Executing VM operation: HandshakeAllThreads (Deoptimize) done
Event: 132.202 Executing VM operation: HandshakeAllThreads (Deoptimize)
Event: 132.202 Executing VM operation: HandshakeAllThreads (Deoptimize) done
Event: 132.484 Executing VM operation: ICBufferFull
Event: 132.484 Executing VM operation: ICBufferFull done
Event: 132.651 Executing VM operation: ICBufferFull
Event: 132.651 Executing VM operation: ICBufferFull done

Memory protections (0 events):
No events

Nmethod flushes (20 events):
Event: 124.334 Thread 0x000001c9fd0972f0 flushing  nmethod 0x000001c9ea826490
Event: 124.334 Thread 0x000001c9fd0972f0 flushing  nmethod 0x000001c9ea827310
Event: 124.334 Thread 0x000001c9fd0972f0 flushing  nmethod 0x000001c9ea827890
Event: 124.334 Thread 0x000001c9fd0972f0 flushing  nmethod 0x000001c9ea828510
Event: 124.334 Thread 0x000001c9fd0972f0 flushing  nmethod 0x000001c9ea82a210
Event: 124.334 Thread 0x000001c9fd0972f0 flushing  nmethod 0x000001c9ea82a810
Event: 124.334 Thread 0x000001c9fd0972f0 flushing  nmethod 0x000001c9ea82ad90
Event: 124.334 Thread 0x000001c9fd0972f0 flushing  nmethod 0x000001c9ea82b190
Event: 124.334 Thread 0x000001c9fd0972f0 flushing  nmethod 0x000001c9ea837b10
Event: 124.334 Thread 0x000001c9fd0972f0 flushing osr nmethod 0x000001c9ea838510
Event: 124.334 Thread 0x000001c9fd0972f0 flushing  nmethod 0x000001c9ea839c90
Event: 124.334 Thread 0x000001c9fd0972f0 flushing  nmethod 0x000001c9ea83ad90
Event: 124.334 Thread 0x000001c9fd0972f0 flushing  nmethod 0x000001c9ea83b890
Event: 124.334 Thread 0x000001c9fd0972f0 flushing  nmethod 0x000001c9ea83bd90
Event: 124.334 Thread 0x000001c9fd0972f0 flushing  nmethod 0x000001c9ea83ca90
Event: 124.334 Thread 0x000001c9fd0972f0 flushing  nmethod 0x000001c9ea83d310
Event: 124.334 Thread 0x000001c9fd0972f0 flushing  nmethod 0x000001c9ea83e310
Event: 124.334 Thread 0x000001c9fd0972f0 flushing  nmethod 0x000001c9ea856e10
Event: 124.334 Thread 0x000001c9fd0972f0 flushing  nmethod 0x000001c9ea858710
Event: 124.334 Thread 0x000001c9fd0972f0 flushing  nmethod 0x000001c9ea858c90

Events (20 events):
Event: 16.317 Thread 0x000001c9fecf9010 Thread added: 0x000001c9ff87a190
Event: 18.832 Thread 0x000001c9fecf9010 Thread added: 0x000001c9ff8773a0
Event: 19.046 Thread 0x000001c9fecf9010 Thread added: 0x000001c9ff877a30
Event: 19.520 Thread 0x000001c9fecf9010 Thread added: 0x000001c9ff875960
Event: 19.885 Thread 0x000001c9fecf9010 Thread added: 0x000001c9ff873200
Event: 20.571 Thread 0x000001c9fecf9010 Thread added: 0x000001c9ff8745b0
Event: 42.193 Thread 0x000001c9fecf9010 Thread added: 0x000001c9ff87a820
Event: 42.193 Thread 0x000001c9fecf9010 Thread added: 0x000001c9ff873890
Event: 42.194 Thread 0x000001c9fecf9010 Thread added: 0x000001c9ff261430
Event: 42.233 Thread 0x000001c9fed03340 Thread added: 0x000001c9ff267d30
Event: 42.661 Thread 0x000001c9fecf9010 Thread added: 0x000001c9ff263b90
Event: 42.663 Thread 0x000001c9fecf9010 Thread added: 0x000001c9ff2648b0
Event: 42.666 Thread 0x000001c9fecf9010 Thread added: 0x000001c9ff265c60
Event: 49.766 Thread 0x000001c9fecf9010 Thread added: 0x000001c9ff262150
Event: 49.767 Thread 0x000001c9fecf9010 Thread added: 0x000001c9ff2662f0
Event: 49.768 Thread 0x000001c9fecf9010 Thread added: 0x000001c9ff267010
Event: 67.387 Thread 0x000001c9fecf9010 Thread added: 0x000001c9ff262e70
Event: 78.671 Thread 0x000001c9fecf9010 Thread added: 0x000001c9ff2627e0
Event: 86.229 Thread 0x000001c9fecf9010 Thread added: 0x000001c9ff873f20
Event: 102.296 Thread 0x000001c9fed00550 Thread exited: 0x000001c9fed00550


Dynamic libraries:
0x00007ff627e50000 - 0x00007ff627e5e000 	C:\Users\System Bilgisayar\.vscode\extensions\redhat.java-1.39.0-win32-x64\jre\21.0.5-win32-x86_64\bin\java.exe
0x00007ffbaa5f0000 - 0x00007ffbaa7e8000 	C:\WINDOWS\SYSTEM32\ntdll.dll
0x00007ffba8830000 - 0x00007ffba88f2000 	C:\WINDOWS\System32\KERNEL32.DLL
0x00007ffba7f20000 - 0x00007ffba821f000 	C:\WINDOWS\System32\KERNELBASE.dll
0x00007ffba7da0000 - 0x00007ffba7ea0000 	C:\WINDOWS\System32\ucrtbase.dll
0x00007ffb8bdd0000 - 0x00007ffb8bdee000 	C:\Users\System Bilgisayar\.vscode\extensions\redhat.java-1.39.0-win32-x64\jre\21.0.5-win32-x86_64\bin\VCRUNTIME140.dll
0x00007ffb8e860000 - 0x00007ffb8e878000 	C:\Users\System Bilgisayar\.vscode\extensions\redhat.java-1.39.0-win32-x64\jre\21.0.5-win32-x86_64\bin\jli.dll
0x00007ffba9070000 - 0x00007ffba920d000 	C:\WINDOWS\System32\USER32.dll
0x00007ffba8220000 - 0x00007ffba8242000 	C:\WINDOWS\System32\win32u.dll
0x00007ffb970e0000 - 0x00007ffb9737a000 	C:\WINDOWS\WinSxS\amd64_microsoft.windows.common-controls_6595b64144ccf1df_6.0.19041.4355_none_60b8b9eb71f62e16\COMCTL32.dll
0x00007ffbaa0e0000 - 0x00007ffbaa10b000 	C:\WINDOWS\System32\GDI32.dll
0x00007ffba8600000 - 0x00007ffba869e000 	C:\WINDOWS\System32\msvcrt.dll
0x00007ffba7c80000 - 0x00007ffba7d97000 	C:\WINDOWS\System32\gdi32full.dll
0x00007ffba8300000 - 0x00007ffba839d000 	C:\WINDOWS\System32\msvcp_win.dll
0x00007ffba9220000 - 0x00007ffba924f000 	C:\WINDOWS\System32\IMM32.DLL
0x00007ffb960f0000 - 0x00007ffb960fc000 	C:\Users\System Bilgisayar\.vscode\extensions\redhat.java-1.39.0-win32-x64\jre\21.0.5-win32-x86_64\bin\vcruntime140_1.dll
0x00007ffb77dc0000 - 0x00007ffb77e4d000 	C:\Users\System Bilgisayar\.vscode\extensions\redhat.java-1.39.0-win32-x64\jre\21.0.5-win32-x86_64\bin\msvcp140.dll
0x00007ffb47c40000 - 0x00007ffb489cf000 	C:\Users\System Bilgisayar\.vscode\extensions\redhat.java-1.39.0-win32-x64\jre\21.0.5-win32-x86_64\bin\server\jvm.dll
0x00007ffba99c0000 - 0x00007ffba9a71000 	C:\WINDOWS\System32\ADVAPI32.dll
0x00007ffba9bc0000 - 0x00007ffba9c5f000 	C:\WINDOWS\System32\sechost.dll
0x00007ffba95a0000 - 0x00007ffba96c3000 	C:\WINDOWS\System32\RPCRT4.dll
0x00007ffba7ef0000 - 0x00007ffba7f17000 	C:\WINDOWS\System32\bcrypt.dll
0x00007ffbaa540000 - 0x00007ffbaa5ab000 	C:\WINDOWS\System32\WS2_32.dll
0x00007ffba71c0000 - 0x00007ffba720b000 	C:\WINDOWS\SYSTEM32\POWRPROF.dll
0x00007ffb9e5e0000 - 0x00007ffb9e5ea000 	C:\WINDOWS\SYSTEM32\VERSION.dll
0x00007ffb97030000 - 0x00007ffb97057000 	C:\WINDOWS\SYSTEM32\WINMM.dll
0x00007ffba7080000 - 0x00007ffba7092000 	C:\WINDOWS\SYSTEM32\UMPDC.dll
0x00007ffba64d0000 - 0x00007ffba64e2000 	C:\WINDOWS\SYSTEM32\kernel.appcore.dll
0x00007ffb95840000 - 0x00007ffb9584a000 	C:\Users\System Bilgisayar\.vscode\extensions\redhat.java-1.39.0-win32-x64\jre\21.0.5-win32-x86_64\bin\jimage.dll
0x00007ffba5a00000 - 0x00007ffba5be4000 	C:\WINDOWS\SYSTEM32\DBGHELP.DLL
0x00007ffb9e7a0000 - 0x00007ffb9e7d4000 	C:\WINDOWS\SYSTEM32\dbgcore.DLL
0x00007ffba8570000 - 0x00007ffba85f2000 	C:\WINDOWS\System32\bcryptPrimitives.dll
0x00007ffb957b0000 - 0x00007ffb957bf000 	C:\Users\System Bilgisayar\.vscode\extensions\redhat.java-1.39.0-win32-x64\jre\21.0.5-win32-x86_64\bin\instrument.dll
0x00007ffb8bb50000 - 0x00007ffb8bb6f000 	C:\Users\System Bilgisayar\.vscode\extensions\redhat.java-1.39.0-win32-x64\jre\21.0.5-win32-x86_64\bin\java.dll
0x00007ffba8900000 - 0x00007ffba906e000 	C:\WINDOWS\System32\SHELL32.dll
0x00007ffba5ce0000 - 0x00007ffba6484000 	C:\WINDOWS\SYSTEM32\windows.storage.dll
0x00007ffbaa1e0000 - 0x00007ffbaa535000 	C:\WINDOWS\System32\combase.dll
0x00007ffba76b0000 - 0x00007ffba76df000 	C:\WINDOWS\SYSTEM32\Wldp.dll
0x00007ffba9440000 - 0x00007ffba950d000 	C:\WINDOWS\System32\OLEAUT32.dll
0x00007ffba9880000 - 0x00007ffba992d000 	C:\WINDOWS\System32\SHCORE.dll
0x00007ffba9b60000 - 0x00007ffba9bb5000 	C:\WINDOWS\System32\shlwapi.dll
0x00007ffba7bb0000 - 0x00007ffba7bd4000 	C:\WINDOWS\SYSTEM32\profapi.dll
0x00007ffb838d0000 - 0x00007ffb838e8000 	C:\Users\System Bilgisayar\.vscode\extensions\redhat.java-1.39.0-win32-x64\jre\21.0.5-win32-x86_64\bin\zip.dll
0x00007ffb94810000 - 0x00007ffb94820000 	C:\Users\System Bilgisayar\.vscode\extensions\redhat.java-1.39.0-win32-x64\jre\21.0.5-win32-x86_64\bin\net.dll
0x00007ffb9e5f0000 - 0x00007ffb9e6fd000 	C:\WINDOWS\SYSTEM32\WINHTTP.dll
0x00007ffba7410000 - 0x00007ffba747a000 	C:\WINDOWS\system32\mswsock.dll
0x00007ffb82640000 - 0x00007ffb82656000 	C:\Users\System Bilgisayar\.vscode\extensions\redhat.java-1.39.0-win32-x64\jre\21.0.5-win32-x86_64\bin\nio.dll
0x00007ffb94340000 - 0x00007ffb94350000 	C:\Users\System Bilgisayar\.vscode\extensions\redhat.java-1.39.0-win32-x64\jre\21.0.5-win32-x86_64\bin\verify.dll
0x00007ffb8ec00000 - 0x00007ffb8ec27000 	C:\Users\System Bilgisayar\.gradle\native\c067742578af261105cb4f569cf0c3c89f3d7b1fecec35dd04571415982c5e48\windows-amd64\native-platform.dll
0x00007ffb7a650000 - 0x00007ffb7a794000 	C:\Users\System Bilgisayar\.gradle\native\100fb08df4bc3b14c8652ba06237920a3bd2aa13389f12d3474272988ae205f9\windows-amd64\native-platform-file-events.dll
0x00007ffba2fa0000 - 0x00007ffba2faa000 	C:\Users\System Bilgisayar\.vscode\extensions\redhat.java-1.39.0-win32-x64\jre\21.0.5-win32-x86_64\bin\management.dll
0x00007ffba2f90000 - 0x00007ffba2f9b000 	C:\Users\System Bilgisayar\.vscode\extensions\redhat.java-1.39.0-win32-x64\jre\21.0.5-win32-x86_64\bin\management_ext.dll
0x00007ffba9590000 - 0x00007ffba9598000 	C:\WINDOWS\System32\PSAPI.DLL
0x00007ffba7610000 - 0x00007ffba7628000 	C:\WINDOWS\SYSTEM32\CRYPTSP.dll
0x00007ffba6cc0000 - 0x00007ffba6cf4000 	C:\WINDOWS\system32\rsaenh.dll
0x00007ffba7b70000 - 0x00007ffba7b9e000 	C:\WINDOWS\SYSTEM32\USERENV.dll
0x00007ffba7600000 - 0x00007ffba760c000 	C:\WINDOWS\SYSTEM32\CRYPTBASE.dll
0x00007ffba70a0000 - 0x00007ffba70db000 	C:\WINDOWS\SYSTEM32\IPHLPAPI.DLL
0x00007ffba9210000 - 0x00007ffba9218000 	C:\WINDOWS\System32\NSI.dll
0x00007ffba2140000 - 0x00007ffba2149000 	C:\Users\System Bilgisayar\.vscode\extensions\redhat.java-1.39.0-win32-x64\jre\21.0.5-win32-x86_64\bin\extnet.dll
0x00007ffba2150000 - 0x00007ffba215e000 	C:\Users\System Bilgisayar\.vscode\extensions\redhat.java-1.39.0-win32-x64\jre\21.0.5-win32-x86_64\bin\sunmscapi.dll
0x00007ffba8410000 - 0x00007ffba856c000 	C:\WINDOWS\System32\CRYPT32.dll
0x00007ffba7720000 - 0x00007ffba7747000 	C:\WINDOWS\SYSTEM32\ncrypt.dll
0x00007ffba76e0000 - 0x00007ffba771b000 	C:\WINDOWS\SYSTEM32\NTASN1.dll
0x00007ffb9e060000 - 0x00007ffb9e067000 	C:\WINDOWS\system32\wshunix.dll

dbghelp: loaded successfully - version: 4.0.5 - missing functions: none
symbol engine: initialized successfully - sym options: 0x614 - pdb path: .;C:\Users\System Bilgisayar\.vscode\extensions\redhat.java-1.39.0-win32-x64\jre\21.0.5-win32-x86_64\bin;C:\WINDOWS\SYSTEM32;C:\WINDOWS\WinSxS\amd64_microsoft.windows.common-controls_6595b64144ccf1df_6.0.19041.4355_none_60b8b9eb71f62e16;C:\Users\System Bilgisayar\.vscode\extensions\redhat.java-1.39.0-win32-x64\jre\21.0.5-win32-x86_64\bin\server;C:\Users\System Bilgisayar\.gradle\native\c067742578af261105cb4f569cf0c3c89f3d7b1fecec35dd04571415982c5e48\windows-amd64;C:\Users\System Bilgisayar\.gradle\native\100fb08df4bc3b14c8652ba06237920a3bd2aa13389f12d3474272988ae205f9\windows-amd64

VM Arguments:
jvm_args: --add-opens=java.base/java.util=ALL-UNNAMED --add-opens=java.base/java.lang=ALL-UNNAMED --add-opens=java.base/java.lang.invoke=ALL-UNNAMED --add-opens=java.prefs/java.util.prefs=ALL-UNNAMED --add-exports=jdk.compiler/com.sun.tools.javac.api=ALL-UNNAMED --add-exports=jdk.compiler/com.sun.tools.javac.util=ALL-UNNAMED --add-opens=java.base/java.nio.charset=ALL-UNNAMED --add-opens=java.base/java.net=ALL-UNNAMED --add-opens=java.base/java.util.concurrent.atomic=ALL-UNNAMED -Xmx2048m -Dfile.encoding=UTF-8 -Duser.country=TR -Duser.language=tr -Duser.variant -javaagent:C:\Users\System Bilgisayar\.gradle\wrapper\dists\gradle-8.9-bin\90cnw93cvbtalezasaz0blq0a\gradle-8.9\lib\agents\gradle-instrumentation-agent-8.9.jar 
java_command: org.gradle.launcher.daemon.bootstrap.GradleDaemon 8.9
java_class_path (initial): C:\Users\System Bilgisayar\.gradle\wrapper\dists\gradle-8.9-bin\90cnw93cvbtalezasaz0blq0a\gradle-8.9\lib\gradle-daemon-main-8.9.jar
Launcher Type: SUN_STANDARD

[Global flags]
     intx CICompilerCount                          = 3                                         {product} {ergonomic}
     uint ConcGCThreads                            = 1                                         {product} {ergonomic}
     uint G1ConcRefinementThreads                  = 4                                         {product} {ergonomic}
   size_t G1HeapRegionSize                         = 1048576                                   {product} {ergonomic}
    uintx GCDrainStackTargetSize                   = 64                                        {product} {ergonomic}
   size_t InitialHeapSize                          = 56623104                                  {product} {ergonomic}
   size_t MarkStackSize                            = 4194304                                   {product} {ergonomic}
   size_t MaxHeapSize                              = 2147483648                                {product} {command line}
   size_t MaxNewSize                               = 1287651328                                {product} {ergonomic}
   size_t MinHeapDeltaBytes                        = 1048576                                   {product} {ergonomic}
   size_t MinHeapSize                              = 8388608                                   {product} {ergonomic}
    uintx NonNMethodCodeHeapSize                   = 5832780                                {pd product} {ergonomic}
    uintx NonProfiledCodeHeapSize                  = 122912730                              {pd product} {ergonomic}
    uintx ProfiledCodeHeapSize                     = 122912730                              {pd product} {ergonomic}
    uintx ReservedCodeCacheSize                    = 251658240                              {pd product} {ergonomic}
     bool SegmentedCodeCache                       = true                                      {product} {ergonomic}
   size_t SoftMaxHeapSize                          = 2147483648                             {manageable} {ergonomic}
     bool UseCompressedOops                        = true                           {product lp64_product} {ergonomic}
     bool UseG1GC                                  = true                                      {product} {ergonomic}
     bool UseLargePagesIndividualAllocation        = false                                  {pd product} {ergonomic}

Logging:
Log output configuration:
 #0: stdout all=warning uptime,level,tags foldmultilines=false
 #1: stderr all=off uptime,level,tags foldmultilines=false

Environment Variables:
JAVA_HOME=C:\Program Files\Java\jdk-23
PATH=C:\Program Files\flutter\bin;C:\Windows\system32;C:\Windows;C:\Windows\System32\Wbem;C:\Windows\System32\WindowsPowerShell\v1.0\;C:\Windows\System32\OpenSSH\;C:\Program Files\Microsoft SQL Server\150\Tools\Binn\;C:\WINDOWS\system32;C:\WINDOWS;C:\WINDOWS\System32\Wbem;C:\WINDOWS\System32\WindowsPowerShell\v1.0\;C:\WINDOWS\System32\OpenSSH\;C:\Program Files (x86)\Git\cmd;C:\Program Files\Java\jdk-23;C:\Users\System Bilgisayar\AppData\Local\Programs\Python\Python313\Scripts\;C:\Users\System Bilgisayar\AppData\Local\Programs\Python\Python313\;C:\Program Files\MySQL\MySQL Shell 8.0\bin\;E:\Anaconda;C:\Program Files\flutter\bin;E: \Anaconda\Library\mingw-64\bin;E:\Anaconda\Library\usr\bin;E:\Anaconda\Library\bin;E:\Anaconda\Scripts;C:\Users\System Bilgisayar\AppData\Local\Microsoft\WindowsApps;C:\Program Files\JetBrains\IntelliJ IDEA Community Edition 2022.2.3\bin;;C:\Users\System Bilgisayar\AppData\Local\Programs\Microsoft VS Code\bin;C:\Program Files\Git\bin\;
USERNAME=System Bilgisayar
OS=Windows_NT
PROCESSOR_IDENTIFIER=Intel64 Family 6 Model 142 Stepping 9, GenuineIntel
TMP=C:\Users\SYSTEM~1\AppData\Local\Temp
TEMP=C:\Users\SYSTEM~1\AppData\Local\Temp




Periodic native trim disabled

---------------  S Y S T E M  ---------------

OS:
 Windows 10 , 64 bit Build 19041 (10.0.19041.5198)
OS uptime: 7 days 19:34 hours

CPU: total 4 (initial active 4) (2 cores per cpu, 2 threads per core) family 6 model 142 stepping 9 microcode 0xb4, cx8, cmov, fxsr, ht, mmx, 3dnowpref, sse, sse2, sse3, ssse3, sse4.1, sse4.2, popcnt, lzcnt, tsc, tscinvbit, avx, avx2, aes, erms, clmul, bmi1, bmi2, adx, fma, vzeroupper, clflush, clflushopt, rdtscp, f16c
Processor Information for all 4 processors :
  Max Mhz: 2712, Current Mhz: 2511, Mhz Limit: 2495

Memory: 4k page, system-wide physical 3345M (217M free)
TotalPageFile size 13585M (AvailPageFile size 2M)
current process WorkingSet (physical memory assigned to process): 410M, peak: 415M
current process commit charge ("private bytes"): 567M, peak: 568M

vm_info: OpenJDK 64-Bit Server VM (21.0.5+11-LTS) for windows-amd64 JRE (21.0.5+11-LTS), built on 2024-10-15T00:00:00Z by "admin" with MS VC++ 17.7 (VS2022)

END.
